SF:lib\app\shared_pref\token_shared_pref.dart
DA:8,0
DA:11,0
DA:13,0
DA:14,0
DA:16,0
DA:17,0
DA:22,0
DA:24,0
DA:25,0
DA:27,0
DA:28,0
DA:33,0
DA:35,0
DA:36,0
DA:38,0
DA:39,0
LF:16
LH:0
end_of_record
SF:lib\core\error\failure.dart
DA:6,4
DA:8,0
DA:9,0
DA:13,0
DA:19,4
DA:23,1
LF:6
LH:3
end_of_record
SF:lib\features\auth\domain\usecase\user_login_usecase.dart
DA:13,2
DA:15,0
DA:16,0
DA:17,0
DA:24,1
DA:30,1
DA:32,2
DA:33,1
DA:34,1
DA:37,4
DA:38,4
DA:39,1
DA:40,5
DA:41,3
DA:44,1
LF:15
LH:12
end_of_record
SF:lib\features\auth\domain\entity\user_entity.dart
DA:17,1
DA:18,1
DA:27,1
DA:28,1
DA:32,1
DA:47,1
DA:48,1
DA:49,1
DA:50,1
DA:51,1
DA:52,1
DA:54,1
DA:55,1
DA:56,1
DA:57,1
DA:58,1
DA:59,1
DA:60,1
LF:18
LH:18
end_of_record
SF:lib\features\auth\domain\usecase\user_register_usecase.dart
DA:20,2
DA:28,0
DA:29,0
DA:30,0
DA:31,0
DA:32,0
DA:33,0
DA:34,0
DA:44,1
DA:49,0
DA:52,1
DA:54,2
DA:56,1
DA:57,2
DA:58,1
DA:59,1
DA:60,1
DA:61,1
DA:62,1
DA:68,2
LF:20
LH:12
end_of_record
SF:lib\features\auth\presentation\view\login_view.dart
DA:11,1
DA:20,1
DA:21,3
DA:22,2
DA:23,1
DA:25,3
DA:26,2
DA:32,1
DA:34,1
DA:35,1
DA:37,1
DA:38,1
DA:39,1
DA:40,0
DA:41,1
DA:42,1
DA:43,1
DA:44,1
DA:47,1
DA:48,1
DA:49,1
DA:51,1
DA:52,1
DA:58,1
DA:61,2
DA:66,1
DA:69,1
DA:73,1
DA:74,1
DA:78,1
DA:79,1
DA:82,2
DA:90,1
DA:91,1
DA:92,1
DA:93,1
DA:94,1
DA:98,1
DA:99,1
DA:105,0
DA:107,1
DA:108,1
DA:111,2
DA:123,1
DA:125,1
DA:149,1
DA:150,1
DA:151,1
DA:154,1
DA:156,1
DA:158,1
DA:162,1
DA:163,0
DA:164,0
DA:165,0
DA:177,1
DA:179,1
DA:181,2
DA:184,1
DA:194,1
DA:196,1
DA:197,1
DA:199,1
DA:201,1
DA:202,0
DA:203,0
DA:204,0
LF:67
LH:59
end_of_record
SF:lib\features\auth\presentation\view_model\login_view_model\login_event.dart
DA:9,0
DA:15,1
DA:23,2
DA:33,0
LF:4
LH:2
end_of_record
SF:lib\features\auth\presentation\view_model\login_view_model\login_state.dart
DA:7,2
DA:9,2
DA:11,2
DA:12,2
DA:13,1
DA:14,2
DA:18,1
DA:19,3
LF:8
LH:8
end_of_record
SF:lib\features\auth\presentation\view_model\login_view_model\login_view_model.dart
DA:17,3
DA:18,2
DA:19,2
DA:20,2
DA:21,2
DA:24,1
DA:29,2
DA:30,0
DA:31,0
DA:32,0
DA:38,0
DA:47,0
DA:52,0
DA:53,0
DA:54,0
DA:55,0
DA:57,0
DA:59,0
DA:60,0
DA:62,0
DA:72,0
DA:77,0
DA:78,0
DA:79,0
DA:80,0
DA:88,1
DA:92,3
DA:93,2
DA:94,3
DA:97,1
DA:98,1
DA:99,3
DA:101,1
DA:102,1
DA:104,1
DA:110,1
DA:111,3
DA:113,3
LF:38
LH:20
end_of_record
SF:lib\app\constant\api_endpoints.dart
DA:2,0
DA:25,0
DA:26,0
DA:28,0
DA:29,0
DA:31,0
DA:32,0
DA:38,0
DA:39,0
DA:41,0
DA:42,0
DA:44,0
DA:45,0
DA:47,0
DA:48,0
DA:57,0
DA:58,0
DA:60,0
DA:61,0
DA:63,0
DA:64,0
DA:66,0
DA:67,0
DA:71,0
DA:72,0
DA:78,0
DA:80,0
DA:86,0
DA:87,0
DA:89,0
DA:90,0
DA:92,0
DA:94,0
DA:95,0
DA:97,0
DA:98,0
DA:100,0
DA:101,0
DA:103,0
DA:104,0
DA:109,0
DA:110,0
DA:114,0
DA:115,0
DA:117,0
DA:118,0
DA:120,0
DA:121,0
LF:48
LH:0
end_of_record
SF:lib\app\constant\hive_table_constant.dart
DA:2,0
LF:1
LH:0
end_of_record
SF:lib\app\service_locator\service_locator.dart
DA:114,0
DA:116,0
DA:117,0
DA:118,0
DA:119,0
DA:120,0
DA:122,0
DA:123,0
DA:124,0
DA:125,0
DA:126,0
DA:127,0
DA:128,0
DA:129,0
DA:130,0
DA:131,0
DA:132,0
DA:135,0
DA:136,0
DA:138,0
DA:141,0
DA:142,0
DA:145,0
DA:146,0
DA:149,0
DA:150,0
DA:151,0
DA:152,0
DA:153,0
DA:154,0
DA:159,0
DA:161,0
DA:162,0
DA:165,0
DA:166,0
DA:170,0
DA:171,0
DA:172,0
DA:176,0
DA:177,0
DA:178,0
DA:182,0
DA:183,0
DA:184,0
DA:188,0
DA:189,0
DA:190,0
DA:191,0
DA:195,0
DA:196,0
DA:199,0
DA:200,0
DA:201,0
DA:206,0
DA:207,0
DA:210,0
DA:211,0
DA:216,0
DA:218,0
DA:219,0
DA:220,0
DA:225,0
DA:226,0
DA:228,0
DA:233,0
DA:234,0
DA:236,0
DA:237,0
DA:239,0
DA:240,0
DA:244,0
DA:245,0
DA:247,0
DA:248,0
DA:249,0
DA:250,0
DA:253,0
DA:254,0
DA:259,0
DA:261,0
DA:262,0
DA:266,0
DA:267,0
DA:268,0
DA:273,0
DA:274,0
DA:275,0
DA:281,0
DA:282,0
DA:284,0
DA:289,0
DA:290,0
DA:295,0
DA:297,0
DA:298,0
DA:302,0
DA:303,0
DA:304,0
DA:309,0
DA:310,0
DA:311,0
DA:314,0
DA:315,0
DA:316,0
DA:319,0
DA:320,0
DA:321,0
DA:324,0
DA:325,0
DA:326,0
DA:331,0
DA:332,0
DA:333,0
DA:334,0
DA:335,0
DA:336,0
DA:342,0
DA:344,0
DA:345,0
DA:349,0
DA:350,0
DA:351,0
DA:356,0
DA:357,0
DA:359,0
DA:360,0
DA:362,0
DA:363,0
DA:365,0
DA:366,0
DA:368,0
DA:369,0
DA:371,0
DA:372,0
DA:376,0
DA:377,0
DA:378,0
DA:379,0
DA:380,0
DA:381,0
DA:382,0
DA:386,0
DA:387,0
DA:388,0
DA:394,0
DA:396,0
DA:397,0
DA:401,0
DA:402,0
DA:403,0
DA:408,0
DA:409,0
DA:411,0
DA:412,0
DA:413,0
DA:418,0
DA:419,0
DA:420,0
DA:423,0
DA:424,0
DA:426,0
DA:432,0
DA:434,0
DA:435,0
DA:439,0
DA:440,0
DA:441,0
DA:446,0
DA:447,0
DA:449,0
DA:450,0
DA:452,0
DA:453,0
DA:455,0
DA:456,0
DA:460,0
DA:461,0
DA:462,0
DA:463,0
DA:467,0
DA:468,0
DA:469,0
DA:474,0
DA:475,0
DA:476,0
DA:477,0
DA:483,0
DA:485,0
DA:486,0
DA:490,0
DA:491,0
DA:492,0
DA:497,0
DA:498,0
DA:500,0
DA:501,0
DA:503,0
DA:504,0
DA:506,0
DA:507,0
DA:509,0
DA:510,0
DA:512,0
DA:513,0
DA:515,0
DA:516,0
DA:518,0
DA:519,0
DA:523,0
DA:524,0
DA:525,0
DA:526,0
DA:527,0
DA:528,0
DA:529,0
DA:530,0
DA:531,0
DA:532,0
DA:533,0
DA:539,0
DA:540,0
DA:541,0
DA:542,0
DA:548,0
DA:550,0
DA:551,0
DA:555,0
DA:556,0
DA:557,0
DA:562,0
DA:563,0
DA:565,0
DA:566,0
DA:568,0
DA:569,0
DA:571,0
DA:572,0
DA:574,0
DA:575,0
DA:577,0
DA:578,0
DA:582,0
DA:583,0
DA:586,0
DA:587,0
DA:588,0
DA:589,0
DA:590,0
DA:611,0
DA:613,0
DA:614,0
DA:618,0
DA:619,0
DA:620,0
DA:625,0
DA:626,0
DA:627,0
DA:629,0
DA:630,0
DA:631,0
DA:633,0
DA:634,0
DA:635,0
DA:637,0
DA:638,0
DA:639,0
DA:641,0
DA:642,0
DA:643,0
DA:646,0
DA:647,0
DA:648,0
DA:653,0
DA:654,0
DA:655,0
DA:656,0
DA:657,0
DA:661,0
DA:662,0
DA:663,0
DA:664,0
DA:665,0
DA:669,0
DA:670,0
DA:671,0
DA:672,0
DA:673,0
DA:674,0
LF:288
LH:0
end_of_record
SF:lib\core\network\api_service.dart
DA:10,0
DA:12,0
DA:13,0
DA:14,0
DA:15,0
DA:16,0
DA:17,0
DA:18,0
DA:19,0
DA:20,0
LF:10
LH:0
end_of_record
SF:lib\core\network\hive_service.dart
DA:8,0
DA:9,0
DA:10,0
DA:12,0
DA:14,0
DA:49,0
DA:50,0
DA:53,0
DA:55,0
DA:56,0
DA:59,0
DA:60,0
DA:61,0
DA:62,0
DA:63,0
DA:64,0
DA:65,0
DA:71,0
DA:72,0
DA:77,0
DA:81,0
DA:100,0
DA:101,0
DA:104,0
DA:105,0
DA:106,0
DA:107,0
DA:108,0
DA:110,0
DA:115,0
LF:30
LH:0
end_of_record
SF:lib\core\services\proximity_services.dart
DA:16,0
DA:17,0
DA:18,0
DA:19,0
DA:21,0
DA:22,0
DA:24,0
DA:25,0
DA:26,0
DA:28,0
DA:29,0
DA:36,0
DA:37,0
DA:38,0
DA:39,0
DA:40,0
LF:16
LH:0
end_of_record
SF:lib\features\auth\data\data_source\local_data_source\user_local_data_source.dart
DA:10,0
DA:12,0
DA:15,0
DA:16,0
DA:19,0
DA:24,0
DA:28,0
DA:31,0
DA:32,0
DA:34,0
DA:35,0
LF:11
LH:0
end_of_record
SF:lib\features\auth\data\data_source\remote_data_source\user_remote_data_source.dart
DA:11,0
DA:14,0
DA:17,0
DA:19,0
DA:22,0
DA:23,0
DA:26,0
DA:28,0
DA:29,0
DA:31,0
DA:35,0
DA:38,0
DA:39,0
DA:41,0
DA:43,0
DA:44,0
DA:46,0
DA:47,0
DA:49,0
LF:19
LH:0
end_of_record
SF:lib\features\auth\data\repository\local_repository\user_local_repository.dart
DA:10,0
DA:13,0
DA:19,0
DA:23,0
DA:24,0
DA:25,0
DA:27,0
DA:28,0
DA:29,0
DA:35,0
DA:38,0
DA:39,0
DA:40,0
DA:41,0
DA:43,0
DA:44,0
DA:46,0
LF:17
LH:0
end_of_record
SF:lib\features\auth\data\repository\remote_repository\user_remote_repository.dart
DA:10,0
DA:13,0
DA:16,0
DA:19,0
DA:23,0
DA:29,0
DA:33,0
DA:35,0
LF:8
LH:0
end_of_record
SF:lib\features\auth\domain\usecase\check_auth_status_usecase.dart
DA:9,0
DA:12,0
DA:14,0
LF:3
LH:0
end_of_record
SF:lib\features\auth\presentation\view_model\register_view_model\register_view_model.dart
DA:11,1
DA:12,1
DA:13,2
DA:16,1
DA:20,1
DA:22,1
DA:23,1
DA:25,1
DA:33,3
DA:35,2
DA:36,1
DA:37,1
DA:38,1
DA:39,1
DA:40,1
DA:41,1
DA:45,1
DA:46,1
DA:47,3
DA:49,1
DA:50,1
DA:51,1
DA:58,1
DA:59,3
DA:61,1
DA:62,1
DA:64,1
DA:66,0
LF:28
LH:27
end_of_record
SF:lib\features\categories\data\data_source\remote_datasource\category_remote_data_source.dart
DA:12,0
DA:15,0
DA:18,0
DA:20,0
DA:23,0
DA:24,0
DA:25,0
DA:26,0
DA:31,0
DA:34,0
DA:35,0
DA:36,0
DA:37,0
DA:42,0
DA:45,0
DA:46,0
DA:49,0
DA:50,0
DA:51,0
DA:52,0
DA:57,0
DA:66,0
DA:67,0
DA:68,0
DA:69,0
DA:70,0
DA:71,0
DA:72,0
DA:75,0
DA:80,0
DA:82,0
DA:83,0
DA:84,0
DA:85,0
DA:90,0
DA:92,0
LF:36
LH:0
end_of_record
SF:lib\features\categories\data\repository\remote_repository\category_remote_repository.dart
DA:11,0
DA:14,0
DA:23,0
DA:32,0
DA:33,0
DA:35,0
DA:36,0
DA:42,0
DA:46,0
DA:52,0
DA:53,0
DA:54,0
DA:56,0
DA:60,0
DA:63,0
DA:66,0
DA:70,0
DA:75,0
DA:76,0
DA:78,0
LF:20
LH:0
end_of_record
SF:lib\features\categories\domain\repository\category_repository.dart
DA:11,0
LF:1
LH:0
end_of_record
SF:lib\features\categories\domain\use_case\activate_category_usecase.dart
DA:11,0
DA:13,0
DA:14,0
DA:21,0
DA:24,0
DA:28,0
LF:6
LH:0
end_of_record
SF:lib\features\categories\domain\use_case\create_category_usecase.dart
DA:12,0
DA:14,0
DA:15,0
DA:22,0
DA:25,0
DA:29,0
DA:30,0
DA:31,0
LF:8
LH:0
end_of_record
SF:lib\features\categories\domain\use_case\deactivate_category_usecase.dart
DA:10,0
DA:12,0
DA:13,0
DA:20,0
DA:23,0
DA:25,0
LF:6
LH:0
end_of_record
SF:lib\features\categories\domain\use_case\get_all_categories_usecase.dart
DA:14,4
DA:22,0
DA:23,0
DA:30,0
DA:33,0
DA:37,0
DA:38,0
DA:39,0
DA:40,0
DA:41,0
DA:42,0
LF:11
LH:1
end_of_record
SF:lib\features\categories\presentation\view_model\category_view_model.dart
DA:15,0
DA:24,0
DA:25,0
DA:26,0
DA:27,0
DA:28,0
DA:29,0
DA:30,0
DA:32,0
DA:35,0
DA:39,0
DA:40,0
DA:41,0
DA:42,0
DA:43,0
DA:44,0
DA:48,0
DA:51,0
DA:55,0
DA:57,0
DA:58,0
DA:61,0
DA:62,0
DA:63,0
DA:67,0
DA:68,0
DA:69,0
DA:70,0
DA:71,0
DA:73,0
DA:74,0
DA:81,0
DA:85,0
DA:89,0
DA:90,0
DA:91,0
DA:92,0
DA:95,0
DA:96,0
DA:97,0
DA:101,0
DA:102,0
DA:103,0
DA:105,0
DA:106,0
DA:108,0
DA:109,0
DA:110,0
DA:116,0
DA:120,0
DA:122,0
DA:123,0
DA:126,0
DA:127,0
DA:128,0
DA:129,0
DA:130,0
DA:131,0
DA:136,0
DA:140,0
DA:141,0
DA:142,0
DA:143,0
DA:144,0
DA:150,0
DA:151,0
DA:154,0
DA:155,0
DA:156,0
DA:159,0
DA:160,0
DA:161,0
DA:162,0
DA:168,0
DA:172,0
DA:173,0
DA:174,0
DA:175,0
DA:176,0
DA:182,0
DA:183,0
DA:186,0
DA:187,0
DA:188,0
DA:191,0
DA:192,0
DA:193,0
DA:194,0
LF:88
LH:0
end_of_record
SF:lib\features\dashboard\data\data_source\remote_data_source\dashboard_remote_data_source.dart
DA:10,0
DA:13,0
DA:19,0
DA:21,0
DA:24,0
DA:27,0
DA:32,0
DA:33,0
DA:34,0
DA:35,0
LF:10
LH:0
end_of_record
SF:lib\features\dashboard\data\repository\remote_repository\dashboard_remote_repository_impl.dart
DA:10,0
DA:13,0
DA:19,0
DA:23,0
DA:24,0
DA:25,0
LF:6
LH:0
end_of_record
SF:lib\features\dashboard\domain\usecase\get_dashboard_overview_usecase.dart
DA:12,0
DA:14,0
DA:15,0
DA:23,0
DA:26,0
DA:30,0
DA:31,0
DA:32,0
LF:8
LH:0
end_of_record
SF:lib\features\dashboard\domain\usecase\user_logout_usecase.dart
DA:9,0
DA:12,0
DA:14,0
LF:3
LH:0
end_of_record
SF:lib\features\dashboard\presentation\view_model\dashboard_layout_viewmodel\dashboard_view_model.dart
DA:9,0
DA:11,0
DA:12,0
DA:15,0
DA:19,0
DA:20,0
DA:21,0
DA:22,0
DA:23,0
LF:9
LH:0
end_of_record
SF:lib\features\dashboard\presentation\view_model\home_viewmodel\home_view_model.dart
DA:9,0
DA:12,0
DA:13,0
DA:16,0
DA:20,0
DA:22,0
DA:23,0
DA:24,0
DA:25,0
DA:29,0
DA:30,0
DA:31,0
DA:32,0
LF:13
LH:0
end_of_record
SF:lib\features\forgot_password\data\data_source\remote_data_source\forgot_password_remote_data_source.dart
DA:9,0
DA:12,0
DA:15,0
DA:17,0
DA:19,0
DA:20,0
DA:22,0
DA:25,0
DA:29,0
DA:34,0
DA:36,0
DA:37,0
DA:38,0
DA:39,0
DA:46,0
DA:47,0
DA:49,0
DA:51,0
DA:52,0
DA:54,0
DA:58,0
DA:61,0
DA:63,0
DA:64,0
DA:65,0
DA:66,0
DA:69,0
DA:72,0
DA:74,0
DA:75,0
DA:77,0
LF:31
LH:0
end_of_record
SF:lib\features\forgot_password\data\repository\remote_repository\forgot_password_remote_repository.dart
DA:9,0
DA:13,0
DA:16,0
DA:17,0
DA:19,0
DA:23,0
DA:29,0
DA:33,0
DA:35,0
DA:39,0
DA:45,0
DA:51,0
LF:12
LH:0
end_of_record
SF:lib\features\forgot_password\domain\usecase\reset_password_usecase.dart
DA:12,0
DA:17,0
DA:18,0
DA:25,0
DA:27,0
DA:29,0
DA:30,0
DA:31,0
DA:33,0
DA:34,0
LF:10
LH:0
end_of_record
SF:lib\features\forgot_password\domain\usecase\send_otp_usecase.dart
DA:11,0
DA:13,0
DA:14,0
DA:20,0
DA:22,0
DA:24,0
DA:25,0
DA:26,0
DA:27,0
LF:9
LH:0
end_of_record
SF:lib\features\forgot_password\domain\usecase\verify_otp_usecase.dart
DA:12,0
DA:14,0
DA:15,0
DA:21,0
DA:23,0
DA:25,0
DA:26,0
DA:27,0
DA:28,0
LF:9
LH:0
end_of_record
SF:lib\features\forgot_password\presentation\viewmodel\reset_password_viewmodel\reset_password_viewmodel.dart
DA:15,0
DA:16,0
DA:17,0
DA:18,0
DA:19,0
DA:22,0
DA:26,0
DA:27,0
DA:28,0
DA:29,0
DA:30,0
DA:31,0
DA:32,0
DA:33,0
DA:38,0
DA:42,0
DA:43,0
DA:44,0
DA:45,0
DA:46,0
DA:50,0
DA:51,0
DA:53,0
DA:54,0
DA:55,0
DA:60,0
DA:61,0
DA:62,0
DA:63,0
DA:68,0
DA:70,0
DA:75,0
DA:79,0
DA:80,0
DA:81,0
DA:83,0
DA:84,0
DA:85,0
DA:88,0
LF:39
LH:0
end_of_record
SF:lib\features\forgot_password\presentation\viewmodel\send_otp_viewmodel\send_otp_view_model.dart
DA:14,0
DA:15,0
DA:16,0
DA:19,0
DA:23,0
DA:24,0
DA:26,0
DA:27,0
DA:28,0
DA:29,0
DA:34,0
DA:35,0
DA:40,0
DA:41,0
DA:42,0
DA:43,0
DA:44,0
DA:47,0
DA:48,0
DA:49,0
DA:50,0
DA:58,0
DA:62,0
DA:63,0
DA:64,0
DA:66,0
DA:67,0
DA:68,0
DA:69,0
DA:70,0
LF:30
LH:0
end_of_record
SF:lib\features\forgot_password\presentation\viewmodel\verify_otp_viewmodel\verify_otp_view_model.dart
DA:19,0
DA:20,0
DA:21,0
DA:22,0
DA:23,0
DA:24,0
DA:26,0
DA:29,0
DA:30,0
DA:31,0
DA:33,0
DA:34,0
DA:35,0
DA:37,0
DA:42,0
DA:44,0
DA:45,0
DA:48,0
DA:49,0
DA:52,0
DA:56,0
DA:57,0
DA:58,0
DA:61,0
DA:62,0
DA:64,0
DA:65,0
DA:66,0
DA:71,0
DA:72,0
DA:73,0
DA:74,0
DA:75,0
DA:83,0
DA:87,0
DA:88,0
DA:90,0
DA:91,0
DA:92,0
DA:93,0
DA:94,0
DA:99,0
DA:100,0
DA:101,0
DA:102,0
DA:106,0
DA:111,0
DA:115,0
DA:116,0
DA:117,0
DA:119,0
DA:121,0
DA:122,0
DA:125,0
LF:54
LH:0
end_of_record
SF:lib\features\product\data\data_source\remote_datasource\product_remote_data_source.dart
DA:13,0
DA:16,0
DA:27,0
DA:28,0
DA:29,0
DA:30,0
DA:31,0
DA:32,0
DA:34,0
DA:38,0
DA:39,0
DA:40,0
DA:41,0
DA:46,0
DA:49,0
DA:50,0
DA:52,0
DA:53,0
DA:54,0
DA:55,0
DA:60,0
DA:63,0
DA:65,0
DA:67,0
DA:68,0
DA:69,0
DA:70,0
DA:75,0
DA:81,0
DA:82,0
DA:83,0
DA:85,0
DA:86,0
DA:87,0
DA:88,0
DA:93,0
DA:96,0
DA:97,0
DA:99,0
DA:100,0
DA:101,0
DA:102,0
DA:107,0
DA:110,0
DA:111,0
DA:113,0
DA:114,0
DA:115,0
DA:116,0
LF:49
LH:0
end_of_record
SF:lib\features\product\data\repository\remote_repository\product_repository_impl.dart
DA:13,0
DA:16,0
DA:27,0
DA:36,0
DA:37,0
DA:38,0
DA:42,0
DA:47,0
DA:48,0
DA:49,0
DA:50,0
DA:54,0
DA:68,0
DA:80,0
DA:81,0
DA:82,0
DA:83,0
DA:87,0
DA:100,0
DA:110,0
DA:111,0
DA:112,0
DA:113,0
DA:117,0
DA:122,0
DA:123,0
DA:124,0
DA:125,0
DA:129,0
DA:134,0
DA:135,0
DA:136,0
DA:137,0
LF:33
LH:0
end_of_record
SF:lib\features\product\domain\use_case\activate_product_usecase.dart
DA:11,0
DA:14,0
DA:16,0
LF:3
LH:0
end_of_record
SF:lib\features\product\domain\use_case\create_product_usecase.dart
DA:20,0
DA:33,0
DA:34,0
DA:35,0
DA:36,0
DA:37,0
DA:38,0
DA:39,0
DA:40,0
DA:41,0
DA:42,0
DA:43,0
DA:44,0
DA:52,0
DA:55,0
DA:59,0
DA:60,0
DA:61,0
DA:62,0
DA:63,0
DA:64,0
DA:65,0
DA:66,0
DA:67,0
DA:68,0
DA:69,0
LF:26
LH:0
end_of_record
SF:lib\features\product\domain\use_case\deactivate_product_usecase.dart
DA:11,0
DA:14,0
DA:16,0
LF:3
LH:0
end_of_record
SF:lib\features\product\domain\use_case\get_all_product_usecase.dart
DA:17,0
DA:27,0
DA:28,0
DA:29,0
DA:30,0
DA:31,0
DA:32,0
DA:33,0
DA:34,0
DA:35,0
DA:43,0
DA:46,0
DA:50,0
DA:51,0
DA:52,0
DA:53,0
DA:54,0
DA:55,0
DA:56,0
DA:57,0
LF:20
LH:0
end_of_record
SF:lib\features\product\domain\use_case\get_product_by_id_usecase.dart
DA:11,0
DA:14,0
DA:16,0
LF:3
LH:0
end_of_record
SF:lib\features\product\domain\use_case\update_product_usecase.dart
DA:19,0
DA:31,0
DA:32,0
DA:33,0
DA:34,0
DA:35,0
DA:36,0
DA:37,0
DA:38,0
DA:39,0
DA:40,0
DA:41,0
DA:49,0
DA:52,0
DA:56,0
DA:57,0
DA:58,0
DA:59,0
DA:60,0
DA:61,0
DA:62,0
DA:63,0
DA:64,0
DA:65,0
LF:24
LH:0
end_of_record
SF:lib\features\product\presentation\view_model\product_form_view_model\product_form_view_model.dart
DA:19,0
DA:28,0
DA:29,0
DA:30,0
DA:33,0
DA:38,0
DA:39,0
DA:41,0
DA:42,0
DA:49,0
DA:50,0
DA:53,0
DA:60,0
DA:62,0
DA:69,0
DA:70,0
DA:71,0
DA:76,0
DA:77,0
DA:78,0
DA:84,0
DA:86,0
DA:87,0
DA:95,0
DA:96,0
DA:104,0
DA:108,0
DA:109,0
DA:117,0
DA:118,0
DA:119,0
DA:120,0
DA:121,0
DA:122,0
DA:123,0
DA:124,0
DA:125,0
DA:126,0
DA:127,0
DA:128,0
DA:129,0
DA:132,0
DA:133,0
DA:134,0
DA:135,0
DA:136,0
DA:137,0
DA:138,0
DA:139,0
DA:140,0
DA:141,0
DA:142,0
DA:146,0
DA:147,0
DA:148,0
DA:150,0
DA:153,0
DA:154,0
DA:157,0
LF:59
LH:0
end_of_record
SF:lib\features\product\presentation\view_model\product_view_viewmodel\product_view_model.dart
DA:14,0
DA:22,0
DA:23,0
DA:24,0
DA:25,0
DA:28,0
DA:33,0
DA:35,0
DA:36,0
DA:37,0
DA:39,0
DA:42,0
DA:43,0
DA:44,0
DA:45,0
DA:49,0
DA:52,0
DA:53,0
DA:55,0
DA:56,0
DA:57,0
DA:58,0
DA:63,0
DA:64,0
DA:65,0
DA:68,0
DA:71,0
DA:73,0
DA:74,0
DA:75,0
DA:77,0
DA:78,0
DA:82,0
DA:90,0
DA:94,0
DA:100,0
DA:101,0
DA:103,0
DA:104,0
DA:105,0
DA:106,0
DA:111,0
DA:115,0
DA:116,0
DA:117,0
DA:123,0
DA:124,0
DA:125,0
DA:127,0
DA:128,0
DA:129,0
DA:130,0
DA:131,0
DA:132,0
DA:133,0
DA:137,0
DA:138,0
DA:139,0
DA:140,0
DA:141,0
DA:144,0
DA:145,0
DA:147,0
DA:148,0
LF:64
LH:0
end_of_record
SF:lib\features\product\presentation\view_model\product_detail_view_model\product_detail_view_model.dart
DA:14,0
DA:21,0
DA:22,0
DA:23,0
DA:24,0
DA:27,0
DA:31,0
DA:32,0
DA:33,0
DA:34,0
DA:35,0
DA:36,0
DA:40,0
DA:44,0
DA:45,0
DA:47,0
DA:48,0
DA:49,0
DA:50,0
DA:52,0
DA:53,0
DA:62,0
DA:66,0
DA:67,0
DA:69,0
DA:70,0
DA:71,0
DA:72,0
DA:74,0
DA:75,0
LF:30
LH:0
end_of_record
SF:lib\features\profile\data\data_source\remote_data_source\profile_remote_data_source.dart
DA:12,0
DA:15,0
DA:18,0
DA:19,0
DA:20,0
DA:21,0
DA:22,0
DA:27,0
DA:34,0
DA:35,0
DA:36,0
DA:38,0
DA:39,0
DA:40,0
DA:41,0
DA:46,0
DA:53,0
DA:54,0
DA:55,0
DA:57,0
DA:58,0
DA:59,0
DA:64,0
DA:70,0
DA:71,0
DA:72,0
DA:74,0
DA:75,0
DA:76,0
DA:80,0
DA:86,0
DA:87,0
DA:88,0
DA:89,0
DA:94,0
DA:95,0
DA:98,0
DA:99,0
DA:100,0
DA:101,0
DA:106,0
DA:112,0
DA:113,0
DA:114,0
DA:116,0
DA:117,0
DA:118,0
DA:119,0
DA:124,0
DA:130,0
DA:131,0
DA:132,0
DA:134,0
DA:135,0
DA:136,0
DA:137,0
DA:142,0
DA:145,0
DA:146,0
DA:147,0
DA:148,0
LF:61
LH:0
end_of_record
SF:lib\features\profile\data\repository\remote_repository\profile_remote_repository.dart
DA:12,0
DA:14,0
DA:17,0
DA:18,0
DA:19,0
DA:20,0
DA:24,0
DA:30,0
DA:31,0
DA:32,0
DA:36,0
DA:37,0
DA:38,0
DA:42,0
DA:48,0
DA:49,0
DA:50,0
DA:55,0
DA:56,0
DA:60,0
DA:65,0
DA:66,0
DA:67,0
DA:70,0
DA:71,0
DA:72,0
DA:76,0
DA:81,0
DA:82,0
DA:83,0
DA:86,0
DA:87,0
DA:88,0
DA:92,0
DA:97,0
DA:98,0
DA:99,0
DA:102,0
DA:103,0
DA:104,0
DA:108,0
DA:113,0
DA:114,0
DA:115,0
DA:118,0
DA:119,0
DA:120,0
DA:124,0
DA:127,0
DA:128,0
DA:130,0
DA:131,0
LF:52
LH:0
end_of_record
SF:lib\features\profile\domain\usecase\add_phone_number_usecase.dart
DA:11,0
DA:13,0
DA:15,0
LF:3
LH:0
end_of_record
SF:lib\features\profile\domain\usecase\deactivate_account_usecase.dart
DA:9,0
DA:11,0
DA:13,0
LF:3
LH:0
end_of_record
SF:lib\features\profile\domain\usecase\delete_phone_number_usecase.dart
DA:10,0
DA:12,0
DA:14,0
LF:3
LH:0
end_of_record
SF:lib\features\profile\domain\usecase\get_profile_usecase.dart
DA:10,0
DA:12,0
DA:14,0
LF:3
LH:0
end_of_record
SF:lib\features\profile\domain\usecase\update_email_usecase.dart
DA:10,0
DA:12,0
DA:14,0
LF:3
LH:0
end_of_record
SF:lib\features\profile\domain\usecase\update_password_usecase.dart
DA:11,0
DA:13,0
DA:15,0
DA:16,0
DA:17,0
DA:26,0
DA:31,0
DA:32,0
LF:8
LH:0
end_of_record
SF:lib\features\profile\domain\usecase\update_profile_image_usecase.dart
DA:13,0
DA:15,0
DA:17,0
LF:3
LH:0
end_of_record
SF:lib\features\profile\domain\usecase\update_profile_info_usecase.dart
DA:12,0
DA:14,0
DA:18,0
DA:19,0
DA:20,0
DA:29,0
DA:34,0
DA:35,0
LF:8
LH:0
end_of_record
SF:lib\features\profile\presentation\viewmodel\profile_view_model.dart
DA:25,0
DA:44,0
DA:45,0
DA:46,0
DA:47,0
DA:48,0
DA:49,0
DA:50,0
DA:51,0
DA:52,0
DA:53,0
DA:54,0
DA:57,0
DA:61,0
DA:62,0
DA:69,0
DA:70,0
DA:71,0
DA:72,0
DA:73,0
DA:77,0
DA:81,0
DA:82,0
DA:88,0
DA:89,0
DA:90,0
DA:92,0
DA:93,0
DA:94,0
DA:95,0
DA:97,0
DA:98,0
DA:107,0
DA:111,0
DA:112,0
DA:118,0
DA:119,0
DA:120,0
DA:122,0
DA:123,0
DA:124,0
DA:125,0
DA:127,0
DA:128,0
DA:136,0
DA:140,0
DA:141,0
DA:147,0
DA:148,0
DA:149,0
DA:150,0
DA:152,0
DA:153,0
DA:162,0
DA:166,0
DA:167,0
DA:174,0
DA:176,0
DA:177,0
DA:178,0
DA:180,0
DA:181,0
DA:190,0
DA:194,0
DA:195,0
DA:201,0
DA:202,0
DA:203,0
DA:204,0
DA:206,0
DA:207,0
DA:216,0
DA:220,0
DA:221,0
DA:227,0
DA:228,0
DA:229,0
DA:230,0
DA:232,0
DA:233,0
DA:242,0
DA:246,0
DA:249,0
DA:253,0
DA:254,0
DA:260,0
DA:261,0
DA:262,0
DA:263,0
DA:265,0
DA:266,0
DA:267,0
DA:272,0
DA:277,0
DA:281,0
DA:282,0
DA:283,0
DA:284,0
DA:286,0
LF:99
LH:0
end_of_record
SF:lib\features\purchase\data\data_source\remote_datasource\purchase_remote_data_source.dart
DA:12,0
DA:15,0
DA:27,0
DA:28,0
DA:29,0
DA:30,0
DA:31,0
DA:32,0
DA:33,0
DA:34,0
DA:35,0
DA:36,0
DA:40,0
DA:44,0
DA:45,0
DA:46,0
DA:47,0
DA:52,0
DA:55,0
DA:56,0
DA:58,0
DA:59,0
DA:60,0
DA:61,0
DA:66,0
DA:71,0
DA:73,0
DA:75,0
DA:76,0
DA:77,0
DA:78,0
DA:83,0
DA:89,0
DA:90,0
DA:91,0
DA:93,0
DA:94,0
DA:95,0
DA:96,0
DA:101,0
DA:104,0
DA:106,0
DA:107,0
DA:108,0
DA:113,0
DA:116,0
DA:117,0
DA:119,0
DA:120,0
DA:121,0
DA:122,0
LF:51
LH:0
end_of_record
SF:lib\features\purchase\data\repository\remote_repository\purchase_remote_repository.dart
DA:13,0
DA:15,0
DA:28,0
DA:39,0
DA:40,0
DA:41,0
DA:45,0
DA:50,0
DA:53,0
DA:54,0
DA:55,0
DA:59,0
DA:68,0
DA:76,0
DA:77,0
DA:78,0
DA:79,0
DA:82,0
DA:85,0
DA:89,0
DA:92,0
DA:93,0
DA:94,0
DA:98,0
DA:108,0
DA:116,0
DA:117,0
DA:118,0
DA:119,0
DA:120,0
DA:123,0
DA:127,0
DA:131,0
DA:132,0
DA:133,0
DA:137,0
DA:142,0
DA:144,0
DA:145,0
DA:149,0
DA:154,0
DA:157,0
DA:158,0
DA:159,0
LF:44
LH:0
end_of_record
SF:lib\features\purchase\domain\repository\purchase_repository.dart
DA:11,0
LF:1
LH:0
end_of_record
SF:lib\features\purchase\domain\use_case\cancel_purchase_usecase.dart
DA:11,0
DA:13,0
DA:15,0
DA:22,0
DA:24,0
DA:25,0
LF:6
LH:0
end_of_record
SF:lib\features\purchase\domain\use_case\create_purchase_usecase.dart
DA:12,0
DA:14,0
DA:19,0
DA:20,0
DA:21,0
DA:22,0
DA:23,0
DA:24,0
DA:27,0
DA:29,0
DA:30,0
DA:31,0
DA:33,0
DA:43,0
DA:49,0
DA:50,0
DA:59,0
DA:66,0
DA:67,0
LF:19
LH:0
end_of_record
SF:lib\features\purchase\domain\use_case\get_all_purchase_usecase.dart
DA:13,0
DA:15,0
DA:19,0
DA:20,0
DA:21,0
DA:22,0
DA:23,0
DA:24,0
DA:25,0
DA:26,0
DA:27,0
DA:28,0
DA:44,0
DA:56,0
DA:57,0
DA:58,0
DA:59,0
DA:60,0
DA:61,0
DA:62,0
DA:63,0
DA:64,0
DA:65,0
DA:66,0
LF:24
LH:0
end_of_record
SF:lib\features\purchase\domain\use_case\get_purchase_by_id_usecase.dart
DA:12,0
DA:14,0
DA:18,0
DA:25,0
DA:27,0
DA:28,0
LF:6
LH:0
end_of_record
SF:lib\features\purchase\domain\use_case\receive_purchase_usecase.dart
DA:12,0
DA:14,0
DA:18,0
DA:25,0
DA:27,0
DA:28,0
LF:6
LH:0
end_of_record
SF:lib\features\purchase\domain\use_case\update_purchase_usecase.dart
DA:13,0
DA:15,0
DA:20,0
DA:22,0
DA:23,0
DA:24,0
DA:25,0
DA:26,0
DA:27,0
DA:30,0
DA:35,0
DA:36,0
DA:37,0
DA:38,0
DA:40,0
DA:52,0
DA:60,0
DA:61,0
DA:62,0
DA:63,0
DA:64,0
DA:65,0
DA:66,0
LF:23
LH:0
end_of_record
SF:lib\features\purchase\presentation\view_model\purchase_detail\purchase_detail_view_model.dart
DA:14,0
DA:21,0
DA:23,0
DA:24,0
DA:25,0
DA:29,0
DA:34,0
DA:37,0
DA:39,0
DA:40,0
DA:42,0
DA:44,0
DA:52,0
DA:57,0
DA:60,0
DA:62,0
DA:67,0
DA:69,0
DA:71,0
DA:72,0
DA:74,0
DA:76,0
DA:79,0
DA:83,0
DA:89,0
DA:93,0
DA:95,0
DA:97,0
DA:101,0
DA:103,0
DA:105,0
DA:106,0
DA:108,0
DA:110,0
DA:113,0
LF:35
LH:0
end_of_record
SF:lib\features\purchase\presentation\view_model\purchase_history\purchase_history_view_model.dart
DA:10,0
DA:11,0
DA:12,0
DA:13,0
DA:14,0
DA:17,0
DA:21,0
DA:22,0
DA:24,0
DA:29,0
DA:32,0
DA:36,0
DA:37,0
DA:39,0
DA:42,0
DA:43,0
DA:44,0
DA:45,0
DA:46,0
DA:47,0
DA:48,0
DA:51,0
DA:54,0
DA:58,0
DA:59,0
DA:62,0
DA:63,0
DA:66,0
DA:70,0
DA:72,0
DA:73,0
DA:74,0
DA:75,0
DA:76,0
DA:77,0
DA:78,0
DA:81,0
DA:83,0
DA:84,0
DA:85,0
DA:86,0
DA:88,0
DA:92,0
DA:93,0
DA:94,0
DA:95,0
DA:97,0
LF:47
LH:0
end_of_record
SF:lib\features\sales\data\data_source\remote_datasource\sale_remote_data_source.dart
DA:11,0
DA:14,0
DA:26,0
DA:27,0
DA:28,0
DA:29,0
DA:30,0
DA:31,0
DA:32,0
DA:33,0
DA:34,0
DA:35,0
DA:38,0
DA:43,0
DA:44,0
DA:45,0
DA:49,0
DA:52,0
DA:53,0
DA:55,0
DA:56,0
DA:57,0
DA:58,0
DA:63,0
DA:68,0
DA:70,0
DA:72,0
DA:73,0
DA:74,0
DA:78,0
DA:81,0
DA:82,0
DA:83,0
LF:33
LH:0
end_of_record
SF:lib\features\sales\data\repository\remote_repository\sale_remote_repository.dart
DA:12,0
DA:14,0
DA:26,0
DA:36,0
DA:37,0
DA:38,0
DA:42,0
DA:47,0
DA:48,0
DA:49,0
DA:50,0
DA:54,0
DA:61,0
DA:66,0
DA:67,0
DA:68,0
DA:69,0
DA:70,0
DA:73,0
DA:76,0
DA:79,0
DA:80,0
DA:81,0
DA:85,0
DA:88,0
DA:90,0
DA:91,0
LF:27
LH:0
end_of_record
SF:lib\features\sales\domain\repository\sale_repository.dart
DA:11,0
LF:1
LH:0
end_of_record
SF:lib\features\sales\domain\use_case\cancel_sale_usecase.dart.dart
DA:10,0
DA:12,0
DA:13,0
DA:19,0
DA:22,0
DA:24,0
LF:6
LH:0
end_of_record
SF:lib\features\sales\domain\use_case\create_sale_usecase.dart
DA:12,0
DA:15,0
DA:18,0
DA:19,0
DA:20,0
DA:21,0
DA:22,0
DA:23,0
DA:26,0
DA:28,0
DA:29,0
DA:30,0
LF:12
LH:0
end_of_record
SF:lib\features\sales\domain\use_case\get_all_sales_usecase.dart
DA:18,0
DA:29,0
DA:30,0
DA:31,0
DA:32,0
DA:33,0
DA:34,0
DA:35,0
DA:36,0
DA:37,0
DA:38,0
DA:46,0
DA:49,0
DA:53,0
DA:54,0
DA:55,0
DA:56,0
DA:57,0
DA:58,0
DA:59,0
DA:60,0
DA:61,0
LF:22
LH:0
end_of_record
SF:lib\features\sales\domain\use_case\get_sale_by_id.dart
DA:11,0
DA:13,0
DA:14,0
DA:21,0
DA:24,0
DA:26,0
LF:6
LH:0
end_of_record
SF:lib\features\sales\presentation\view_model\create_sale\create_sale_view_model.dart
DA:12,0
DA:17,0
DA:18,0
DA:19,0
DA:20,0
DA:21,0
DA:22,0
DA:23,0
DA:24,0
DA:25,0
DA:30,0
DA:34,0
DA:37,0
DA:38,0
DA:40,0
DA:41,0
DA:42,0
DA:44,0
DA:47,0
DA:48,0
DA:49,0
DA:51,0
DA:52,0
DA:59,0
DA:63,0
DA:64,0
DA:65,0
DA:66,0
DA:72,0
DA:73,0
DA:74,0
DA:75,0
DA:77,0
DA:82,0
DA:86,0
DA:87,0
DA:89,0
DA:90,0
DA:93,0
DA:95,0
DA:96,0
DA:97,0
DA:101,0
DA:102,0
DA:103,0
DA:104,0
DA:106,0
DA:110,0
DA:113,0
DA:117,0
DA:118,0
DA:119,0
DA:122,0
DA:123,0
DA:124,0
DA:125,0
DA:129,0
DA:132,0
DA:135,0
DA:139,0
DA:140,0
DA:141,0
DA:144,0
DA:145,0
DA:148,0
DA:152,0
DA:157,0
DA:161,0
DA:164,0
DA:167,0
DA:168,0
DA:169,0
DA:170,0
DA:171,0
DA:172,0
DA:175,0
DA:177,0
DA:178,0
DA:179,0
DA:183,0
DA:185,0
DA:186,0
DA:187,0
DA:189,0
DA:192,0
DA:198,0
DA:202,0
DA:204,0
DA:207,0
DA:208,0
LF:90
LH:0
end_of_record
SF:lib\features\sales\presentation\view_model\sale_detail\sale_detail_view_model.dart
DA:9,0
DA:12,0
DA:13,0
DA:16,0
DA:20,0
DA:22,0
DA:24,0
DA:25,0
DA:27,0
DA:29,0
LF:10
LH:0
end_of_record
SF:lib\features\sales\presentation\view_model\sale_history\sale_history_view_model.dart
DA:12,0
DA:17,0
DA:18,0
DA:19,0
DA:20,0
DA:21,0
DA:24,0
DA:28,0
DA:30,0
DA:32,0
DA:33,0
DA:34,0
DA:35,0
DA:37,0
DA:39,0
DA:40,0
DA:41,0
DA:42,0
DA:43,0
DA:45,0
DA:46,0
DA:52,0
DA:56,0
DA:57,0
DA:58,0
DA:59,0
DA:60,0
DA:61,0
DA:64,0
DA:67,0
DA:71,0
DA:73,0
DA:75,0
DA:76,0
DA:77,0
DA:78,0
DA:79,0
DA:80,0
DA:82,0
DA:84,0
DA:85,0
DA:86,0
DA:88,0
DA:89,0
DA:90,0
DA:91,0
DA:92,0
DA:95,0
DA:102,0
DA:107,0
DA:108,0
DA:109,0
DA:111,0
DA:112,0
DA:115,0
DA:116,0
DA:118,0
DA:119,0
DA:120,0
DA:121,0
DA:123,0
DA:127,0
DA:128,0
LF:63
LH:0
end_of_record
SF:lib\features\splash\presentation\view_model\splash_view_model.dart
DA:12,0
DA:14,0
DA:16,0
DA:17,0
DA:19,0
DA:21,0
DA:22,0
DA:23,0
DA:25,0
DA:26,0
DA:27,0
DA:29,0
DA:35,0
DA:36,0
DA:37,0
DA:39,0
DA:46,4
DA:51,4
DA:52,0
DA:54,0
DA:55,0
DA:56,0
DA:61,4
DA:62,0
DA:63,0
LF:25
LH:3
end_of_record
SF:lib\features\stock\data\data_source\remote_datasource\stock_remote_data_source.dart
DA:11,0
DA:14,0
DA:22,0
DA:24,0
DA:26,0
DA:27,0
DA:29,0
DA:30,0
DA:33,0
DA:38,0
DA:39,0
DA:40,0
DA:41,0
DA:46,0
DA:53,0
DA:55,0
DA:58,0
DA:59,0
DA:62,0
DA:63,0
DA:64,0
DA:65,0
LF:22
LH:0
end_of_record
SF:lib\features\stock\data\repository\remote_repository\stock_remote_repository.dart
DA:11,0
DA:13,0
DA:21,0
DA:27,0
DA:28,0
DA:29,0
DA:33,0
DA:40,0
DA:41,0
DA:46,0
DA:47,0
DA:48,0
LF:12
LH:0
end_of_record
SF:lib\features\stock\domain\use_case\get_all_stock_usecase.dart
DA:14,0
DA:21,0
DA:22,0
DA:29,0
DA:32,0
DA:36,0
DA:37,0
DA:38,0
DA:39,0
DA:40,0
LF:10
LH:0
end_of_record
SF:lib\features\stock\domain\use_case\get_stock_movement_history_usecase.dart
DA:13,0
DA:19,0
DA:20,0
DA:28,0
DA:31,0
DA:35,0
DA:36,0
DA:37,0
DA:38,0
LF:9
LH:0
end_of_record
SF:lib\features\stock\presentation\view_model\stock_history_view_model\stock_history_view_model.dart
DA:10,0
DA:13,0
DA:14,0
DA:15,0
DA:18,0
DA:22,0
DA:23,0
DA:26,0
DA:30,0
DA:31,0
DA:33,0
DA:34,0
DA:35,0
DA:36,0
DA:37,0
DA:39,0
DA:40,0
DA:46,0
DA:50,0
DA:54,0
DA:56,0
DA:57,0
DA:58,0
DA:60,0
DA:62,0
DA:63,0
DA:64,0
DA:66,0
DA:67,0
DA:68,0
DA:69,0
DA:70,0
DA:73,0
LF:33
LH:0
end_of_record
SF:lib\features\stock\presentation\view_model\stock_view_model\stock_view_model.dart
DA:10,0
DA:12,0
DA:13,0
DA:14,0
DA:15,0
DA:18,0
DA:22,0
DA:24,0
DA:26,0
DA:27,0
DA:29,0
DA:31,0
DA:32,0
DA:33,0
DA:34,0
DA:35,0
DA:37,0
DA:38,0
DA:44,0
DA:48,0
DA:49,0
DA:52,0
DA:56,0
DA:58,0
DA:60,0
DA:61,0
DA:62,0
DA:63,0
DA:66,0
DA:68,0
DA:69,0
DA:70,0
DA:72,0
DA:73,0
DA:74,0
DA:75,0
DA:76,0
DA:79,0
LF:38
LH:0
end_of_record
SF:lib\features\supplier\data\data_source\remote_datasource\supplier_remote_data_source_impl.dart
DA:13,0
DA:16,0
DA:21,0
DA:23,0
DA:25,0
DA:26,0
DA:27,0
DA:28,0
DA:33,0
DA:43,0
DA:44,0
DA:45,0
DA:47,0
DA:48,0
DA:49,0
DA:51,0
DA:56,0
DA:57,0
DA:58,0
DA:59,0
DA:64,0
DA:67,0
DA:68,0
DA:70,0
DA:71,0
DA:72,0
DA:73,0
DA:78,0
DA:84,0
DA:85,0
DA:86,0
DA:88,0
DA:89,0
DA:90,0
DA:91,0
DA:96,0
DA:99,0
DA:100,0
DA:102,0
DA:103,0
DA:104,0
DA:105,0
DA:110,0
DA:113,0
DA:114,0
DA:116,0
DA:117,0
DA:118,0
DA:119,0
LF:49
LH:0
end_of_record
SF:lib\features\supplier\data\repository\remote_repository\supplier_remote_repository.dart
DA:12,0
DA:15,0
DA:25,0
DA:34,0
DA:35,0
DA:37,0
DA:42,0
DA:43,0
DA:44,0
DA:48,0
DA:56,0
DA:62,0
DA:63,0
DA:64,0
DA:65,0
DA:69,0
DA:72,0
DA:73,0
DA:74,0
DA:75,0
DA:79,0
DA:88,0
DA:94,0
DA:95,0
DA:96,0
DA:97,0
DA:101,0
DA:104,0
DA:105,0
DA:106,0
DA:107,0
DA:111,0
DA:114,0
DA:115,0
DA:116,0
DA:117,0
LF:36
LH:0
end_of_record
SF:lib\features\supplier\domain\repository\supplier_repository.dart
DA:10,0
LF:1
LH:0
end_of_record
SF:lib\features\supplier\domain\use_case\activate_supplier_usecase.dart
DA:11,0
DA:13,0
DA:15,0
LF:3
LH:0
end_of_record
SF:lib\features\supplier\domain\use_case\create_supplier_usecase.dart
DA:14,0
DA:21,0
DA:22,0
DA:29,0
DA:31,0
DA:35,0
DA:36,0
DA:37,0
DA:38,0
DA:39,0
LF:10
LH:0
end_of_record
SF:lib\features\supplier\domain\use_case\deactivate_supplier_usecase.dart
DA:11,0
DA:13,0
DA:15,0
LF:3
LH:0
end_of_record
SF:lib\features\supplier\domain\use_case\get_supplier_by_id_usecase.dart
DA:11,0
DA:13,0
DA:15,0
LF:3
LH:0
end_of_record
SF:lib\features\supplier\domain\use_case\get_suppliers_usecase.dart
DA:15,4
DA:24,0
DA:25,0
DA:32,0
DA:34,0
DA:38,0
DA:39,0
DA:40,0
DA:41,0
DA:42,0
DA:43,0
DA:44,0
LF:12
LH:1
end_of_record
SF:lib\features\supplier\domain\use_case\update_supplier_usecase.dart
DA:15,0
DA:23,0
DA:24,0
DA:31,0
DA:33,0
DA:37,0
DA:38,0
DA:39,0
DA:40,0
DA:41,0
DA:42,0
LF:11
LH:0
end_of_record
SF:lib\features\supplier\presentation\view_model\supplier_detail_view_model\supplier_detail_view_model.dart
DA:10,0
DA:13,0
DA:14,0
DA:17,0
DA:22,0
DA:24,0
DA:26,0
DA:27,0
DA:28,0
DA:29,0
LF:10
LH:0
end_of_record
SF:lib\features\supplier\presentation\view_model\supplier_view_model\supplier_view_model.dart
DA:18,0
DA:29,0
DA:30,0
DA:31,0
DA:32,0
DA:33,0
DA:34,0
DA:35,0
DA:36,0
DA:37,0
DA:40,0
DA:44,0
DA:45,0
DA:52,0
DA:55,0
DA:56,0
DA:57,0
DA:58,0
DA:61,0
DA:63,0
DA:64,0
DA:65,0
DA:66,0
DA:67,0
DA:69,0
DA:70,0
DA:76,0
DA:80,0
DA:81,0
DA:83,0
DA:84,0
DA:85,0
DA:86,0
DA:87,0
DA:94,0
DA:97,0
DA:101,0
DA:105,0
DA:107,0
DA:108,0
DA:110,0
DA:111,0
DA:112,0
DA:113,0
DA:116,0
DA:118,0
DA:119,0
DA:120,0
DA:122,0
DA:123,0
DA:124,0
DA:125,0
DA:126,0
DA:129,0
DA:136,0
DA:140,0
DA:141,0
DA:148,0
DA:149,0
DA:150,0
DA:151,0
DA:152,0
DA:154,0
DA:156,0
DA:157,0
DA:158,0
DA:160,0
DA:161,0
DA:162,0
DA:167,0
DA:171,0
DA:172,0
DA:178,0
DA:179,0
DA:180,0
DA:181,0
DA:182,0
DA:183,0
DA:185,0
DA:186,0
DA:187,0
DA:188,0
DA:190,0
DA:191,0
DA:192,0
DA:197,0
DA:201,0
DA:202,0
DA:203,0
DA:208,0
DA:212,0
DA:213,0
DA:214,0
DA:220,0
DA:225,0
DA:226,0
DA:227,0
DA:229,0
DA:231,0
DA:232,0
DA:233,0
DA:234,0
DA:235,0
DA:236,0
DA:237,0
DA:239,0
DA:243,0
DA:244,0
DA:249,0
DA:253,0
LF:110
LH:0
end_of_record
SF:lib\core\common\custom_elevated_button.dart
DA:11,2
DA:21,2
DA:23,6
DA:24,0
DA:25,0
DA:28,2
DA:29,2
DA:30,2
DA:31,2
DA:32,2
DA:34,2
LF:11
LH:9
end_of_record
SF:lib\core\common\custom_text_form_field.dart
DA:14,2
DA:27,2
DA:29,2
DA:30,2
DA:31,2
DA:32,2
DA:33,4
DA:34,2
DA:35,2
DA:36,2
DA:37,2
DA:38,2
DA:39,4
DA:40,2
LF:14
LH:14
end_of_record
SF:lib\core\common\snackbar\my_snackbar.dart
DA:3,2
DA:8,2
DA:9,0
DA:10,0
LF:4
LH:2
end_of_record
SF:lib\core\network\auth_interceptor.dart
DA:5,0
DA:12,0
DA:13,0
DA:16,0
DA:17,0
DA:19,0
DA:20,0
DA:23,0
LF:8
LH:0
end_of_record
SF:lib\core\network\dio_error_interceptor.dart
DA:4,0
DA:8,0
DA:9,0
DA:10,0
DA:12,0
DA:13,0
DA:22,0
DA:23,0
DA:24,0
DA:26,0
DA:29,0
LF:11
LH:0
end_of_record
SF:lib\features\auth\data\model\user_hive_model.dart
DA:45,0
DA:59,0
DA:69,0
DA:70,0
DA:72,0
DA:73,0
DA:74,0
DA:75,0
DA:76,0
DA:77,0
DA:78,0
DA:79,0
DA:80,0
DA:82,0
DA:83,0
DA:84,0
DA:85,0
DA:89,0
DA:90,0
DA:91,0
DA:92,0
DA:93,0
DA:94,0
DA:96,0
DA:97,0
DA:99,0
DA:100,0
DA:101,0
DA:102,0
LF:29
LH:0
end_of_record
SF:lib\features\auth\data\model\user_hive_model.g.dart
DA:13,0
DA:15,0
DA:16,0
DA:17,0
DA:19,0
DA:20,0
DA:21,0
DA:22,0
DA:23,0
DA:24,0
DA:25,0
DA:26,0
DA:27,0
DA:28,0
DA:29,0
DA:30,0
DA:34,0
DA:37,0
DA:38,0
DA:39,0
DA:40,0
DA:41,0
DA:42,0
DA:43,0
DA:44,0
DA:45,0
DA:46,0
DA:47,0
DA:48,0
DA:49,0
DA:50,0
DA:51,0
DA:52,0
DA:53,0
DA:54,0
DA:55,0
DA:56,0
DA:57,0
DA:58,0
DA:59,0
DA:62,0
DA:63,0
DA:65,0
DA:68,0
DA:69,0
DA:70,0
LF:46
LH:0
end_of_record
SF:lib\features\auth\data\model\user_api_model.dart
DA:26,0
DA:41,0
DA:42,0
DA:44,0
DA:47,0
DA:48,0
DA:49,0
DA:50,0
DA:51,0
DA:52,0
DA:53,0
DA:54,0
DA:55,0
DA:56,0
DA:57,0
DA:58,0
DA:59,0
DA:64,0
DA:65,0
DA:66,0
DA:67,0
DA:68,0
DA:69,0
DA:70,0
DA:71,0
DA:72,0
DA:73,0
DA:74,0
DA:75,0
DA:76,0
DA:80,0
DA:81,0
DA:82,0
DA:83,0
DA:84,0
DA:85,0
DA:86,0
DA:87,0
DA:88,0
DA:89,0
DA:90,0
DA:91,0
DA:92,0
DA:96,0
DA:98,0
LF:45
LH:0
end_of_record
SF:lib\features\auth\data\model\user_api_model.g.dart
DA:9,0
DA:10,0
DA:11,0
DA:12,0
DA:13,0
DA:14,0
DA:15,0
DA:16,0
DA:17,0
DA:18,0
DA:19,0
DA:20,0
DA:23,0
DA:24,0
DA:25,0
DA:26,0
DA:27,0
DA:28,0
DA:29,0
DA:30,0
DA:31,0
DA:32,0
DA:33,0
DA:34,0
DA:35,0
LF:25
LH:0
end_of_record
SF:lib\features\auth\presentation\view\register_view.dart
DA:11,1
DA:13,1
DA:15,1
DA:16,1
DA:17,0
DA:20,1
DA:21,1
DA:30,1
DA:32,1
DA:33,1
DA:48,1
DA:49,3
DA:50,2
DA:51,3
DA:52,1
DA:53,1
DA:54,3
DA:55,3
DA:56,3
DA:57,3
DA:58,2
DA:65,1
DA:67,1
DA:68,1
DA:70,1
DA:71,1
DA:72,1
DA:74,1
DA:75,1
DA:76,1
DA:78,1
DA:79,1
DA:81,2
DA:86,1
DA:88,1
DA:92,1
DA:93,1
DA:94,1
DA:95,1
DA:96,1
DA:101,1
DA:102,1
DA:108,1
DA:109,1
DA:110,1
DA:115,1
DA:116,1
DA:125,1
DA:126,1
DA:130,1
DA:131,1
DA:133,1
DA:139,1
DA:140,1
DA:144,1
DA:145,1
DA:147,2
DA:154,1
DA:155,1
DA:156,1
DA:157,1
DA:158,1
DA:163,1
DA:164,1
DA:169,0
DA:171,1
DA:172,1
DA:174,2
DA:183,1
DA:184,1
DA:185,1
DA:186,1
DA:187,0
DA:188,1
DA:189,1
DA:190,1
DA:191,1
DA:194,0
DA:196,1
DA:197,1
DA:198,1
DA:199,1
DA:200,1
DA:202,1
DA:204,1
DA:206,2
DA:209,1
DA:210,1
DA:215,1
DA:217,1
DA:219,2
DA:222,1
DA:223,1
DA:238,1
DA:239,4
DA:242,3
DA:251,1
DA:253,1
DA:254,2
DA:255,1
DA:256,0
LF:101
LH:96
end_of_record
SF:lib\features\auth\presentation\view_model\register_view_model\register_event.dart
DA:15,2
LF:1
LH:1
end_of_record
SF:lib\features\auth\presentation\view_model\register_view_model\register_state.dart
DA:7,7
DA:9,6
DA:11,2
DA:12,2
DA:13,0
DA:14,2
DA:18,1
DA:19,3
LF:8
LH:7
end_of_record
SF:lib\features\dashboard\presentation\view\dashboard_layout\dashboard_view.dart
DA:135,8
DA:137,0
DA:139,0
DA:140,0
DA:147,4
DA:149,0
DA:150,0
DA:156,0
DA:158,0
DA:159,0
DA:162,0
DA:163,0
DA:164,0
DA:168,0
DA:169,0
DA:171,0
DA:174,0
DA:176,0
DA:177,0
DA:178,0
DA:179,0
DA:180,0
DA:182,0
DA:183,0
DA:184,0
DA:187,0
DA:189,0
DA:190,0
DA:191,0
DA:192,0
DA:193,0
DA:194,0
DA:195,0
DA:200,0
DA:201,0
DA:202,0
DA:203,0
DA:204,0
DA:206,0
LF:39
LH:2
end_of_record
SF:lib\features\forgot_password\presentation\view\forgot_password_view.dart
DA:11,0
DA:16,0
DA:18,0
DA:19,0
DA:20,0
DA:21,0
DA:22,0
DA:23,0
DA:24,0
DA:25,0
DA:27,0
DA:29,0
DA:30,0
DA:31,0
DA:33,0
DA:34,0
DA:36,0
DA:42,0
DA:44,0
DA:49,0
DA:50,0
DA:54,0
DA:55,0
DA:58,0
DA:66,0
DA:68,0
DA:70,0
DA:71,0
DA:72,0
DA:73,0
DA:75,0
DA:82,0
DA:91,0
DA:92,0
DA:93,0
DA:96,0
DA:97,0
DA:100,0
LF:38
LH:0
end_of_record
SF:lib\features\categories\data\dto\create_category_dto.dart
DA:10,0
DA:12,0
LF:2
LH:0
end_of_record
SF:lib\features\categories\data\dto\create_category_dto.g.dart
DA:9,0
DA:10,0
DA:11,0
DA:12,0
DA:15,0
DA:16,0
DA:17,0
DA:18,0
LF:8
LH:0
end_of_record
SF:lib\features\categories\data\dto\get_all_categories_dto.dart
DA:12,0
DA:14,0
DA:15,0
DA:17,0
LF:4
LH:0
end_of_record
SF:lib\features\categories\data\dto\get_all_categories_dto.g.dart
DA:9,0
DA:10,0
DA:11,0
DA:12,0
DA:13,0
DA:14,0
DA:15,0
DA:18,0
DA:20,0
DA:21,0
DA:22,0
LF:11
LH:0
end_of_record
SF:lib\features\categories\data\model\category_api_model.dart
DA:15,0
DA:23,0
DA:24,0
DA:26,0
DA:28,0
DA:29,0
DA:30,0
DA:31,0
DA:32,0
DA:33,0
LF:10
LH:0
end_of_record
SF:lib\features\categories\data\model\category_api_model.g.dart
DA:9,0
DA:10,0
DA:11,0
DA:12,0
DA:13,0
DA:14,0
DA:15,0
DA:18,0
DA:19,0
DA:20,0
DA:21,0
DA:22,0
DA:23,0
DA:24,0
LF:14
LH:0
end_of_record
SF:lib\features\categories\data\model\pagination_info_api_model.dart
DA:13,0
DA:20,0
DA:21,0
DA:23,0
DA:26,0
DA:27,0
DA:28,0
DA:29,0
DA:30,0
LF:9
LH:0
end_of_record
SF:lib\features\categories\data\model\pagination_info_api_model.g.dart
DA:9,0
DA:11,0
DA:12,0
DA:13,0
DA:14,0
DA:15,0
DA:18,0
DA:20,0
DA:21,0
DA:22,0
DA:23,0
DA:24,0
LF:12
LH:0
end_of_record
SF:lib\features\categories\domain\entity\category_entity.dart
DA:13,0
DA:21,0
DA:22,0
LF:3
LH:0
end_of_record
SF:lib\features\categories\domain\entity\pagination_info_entity.dart
DA:13,0
DA:20,0
DA:21,0
DA:22,0
DA:23,0
DA:24,0
DA:25,0
LF:7
LH:0
end_of_record
SF:lib\features\categories\presentation\view\category_view.dart
DA:12,4
DA:14,0
DA:17,0
DA:19,0
DA:20,0
DA:27,4
DA:29,0
DA:30,0
DA:39,0
DA:41,0
DA:42,0
DA:45,0
DA:47,0
DA:48,0
DA:49,0
DA:50,0
DA:51,0
DA:55,0
DA:56,0
DA:57,0
DA:62,0
DA:63,0
DA:64,0
DA:65,0
DA:66,0
DA:69,0
DA:70,0
DA:71,0
DA:72,0
DA:73,0
DA:74,0
DA:79,0
DA:81,0
DA:82,0
DA:83,0
DA:84,0
DA:85,0
DA:86,0
DA:87,0
DA:88,0
DA:89,0
DA:94,0
DA:95,0
DA:99,0
DA:100,0
DA:101,0
DA:103,0
DA:105,0
DA:106,0
DA:108,0
DA:109,0
DA:110,0
DA:111,0
DA:123,0
DA:124,0
DA:125,0
DA:127,0
DA:129,0
DA:130,0
DA:131,0
DA:132,0
DA:133,0
DA:134,0
DA:135,0
DA:136,0
DA:138,0
DA:140,0
DA:141,0
DA:145,0
DA:146,0
DA:153,0
DA:154,0
DA:163,0
DA:164,0
DA:165,0
DA:166,0
DA:167,0
DA:169,0
DA:170,0
DA:177,0
DA:178,0
DA:187,0
DA:188,0
DA:189,0
DA:199,0
DA:201,0
DA:204,0
DA:205,0
DA:206,0
DA:222,0
DA:230,0
DA:232,0
DA:234,0
DA:235,0
DA:237,0
DA:239,0
DA:241,0
DA:242,0
DA:243,0
DA:244,0
DA:246,0
DA:248,0
DA:251,0
DA:252,0
DA:253,0
DA:256,0
DA:257,0
DA:260,0
DA:261,0
DA:262,0
DA:269,0
DA:270,0
DA:274,0
DA:275,0
DA:276,0
DA:277,0
DA:278,0
DA:279,0
DA:280,0
DA:282,0
DA:284,0
DA:285,0
DA:286,0
DA:289,0
DA:290,0
DA:293,0
DA:294,0
DA:295,0
DA:296,0
DA:305,0
DA:306,0
DA:307,0
DA:309,0
DA:311,0
DA:314,0
DA:316,0
DA:318,0
DA:322,0
DA:326,0
DA:327,0
DA:328,0
DA:329,0
DA:331,0
DA:333,0
DA:334,0
DA:335,0
DA:336,0
DA:337,0
DA:343,0
DA:352,0
DA:355,0
DA:356,0
DA:358,0
DA:359,0
DA:360,0
DA:361,0
DA:363,0
DA:364,0
DA:365,0
DA:368,0
DA:370,0
DA:372,0
DA:375,0
DA:377,0
DA:378,0
DA:379,0
DA:380,0
DA:382,0
DA:383,0
DA:384,0
DA:387,0
DA:389,0
DA:391,0
DA:394,0
DA:396,0
DA:397,0
DA:398,0
DA:399,0
DA:401,0
DA:402,0
DA:403,0
DA:406,0
DA:408,0
DA:410,0
DA:424,0
DA:426,0
DA:428,0
DA:429,0
DA:431,0
DA:434,0
DA:435,0
DA:437,0
DA:439,0
DA:440,0
DA:443,0
DA:444,0
DA:445,0
DA:446,0
DA:447,0
DA:454,0
DA:455,0
DA:457,0
DA:458,0
DA:459,0
DA:460,0
DA:462,0
DA:463,0
DA:464,0
DA:473,0
DA:475,0
DA:477,0
DA:478,0
DA:479,0
DA:485,0
DA:486,0
DA:488,0
DA:489,0
DA:490,0
DA:491,0
DA:493,0
DA:494,0
DA:498,0
DA:499,0
DA:500,0
DA:502,0
DA:503,0
DA:504,0
DA:506,0
DA:507,0
DA:508,0
DA:522,4
DA:524,0
DA:525,0
DA:533,0
DA:535,0
DA:536,0
DA:537,0
DA:540,0
DA:542,0
DA:543,0
DA:544,0
DA:547,0
DA:548,0
DA:549,0
DA:550,0
DA:551,0
DA:552,0
DA:558,0
DA:560,0
DA:562,0
DA:563,0
DA:564,0
DA:565,0
DA:568,0
DA:570,0
DA:571,0
DA:572,0
DA:573,0
DA:575,0
DA:576,0
DA:577,0
DA:583,0
DA:584,0
DA:587,0
DA:594,0
DA:595,0
DA:607,0
DA:608,0
DA:609,0
DA:612,0
DA:613,0
DA:614,0
DA:615,0
DA:617,0
LF:274
LH:3
end_of_record
SF:lib\features\categories\presentation\view_model\category_event.dart
DA:6,0
DA:8,0
DA:9,0
DA:21,0
DA:23,0
DA:24,0
DA:31,0
DA:33,0
DA:34,0
DA:40,0
DA:42,0
DA:43,0
DA:49,0
DA:51,0
DA:52,0
LF:15
LH:0
end_of_record
SF:lib\features\categories\presentation\view_model\category_state.dart
DA:24,0
DA:38,4
DA:51,0
DA:67,0
DA:68,0
DA:69,0
DA:70,0
DA:71,0
DA:73,0
DA:74,0
DA:75,0
DA:77,0
DA:78,0
DA:79,0
DA:80,0
DA:84,0
DA:85,0
DA:86,0
DA:87,0
DA:88,0
DA:89,0
DA:90,0
DA:91,0
DA:92,0
DA:93,0
DA:94,0
DA:95,0
DA:96,0
LF:28
LH:1
end_of_record
SF:lib\features\dashboard\presentation\page_content.dart
DA:8,8
LF:1
LH:1
end_of_record
SF:lib\features\dashboard\data\model\dashboard_overview_api_model.dart
DA:20,0
DA:34,0
DA:35,0
DA:37,0
DA:39,0
DA:40,0
DA:41,0
DA:42,0
DA:43,0
DA:44,0
DA:45,0
DA:46,0
DA:47,0
DA:48,0
DA:49,0
DA:50,0
DA:51,0
LF:17
LH:0
end_of_record
SF:lib\features\dashboard\data\model\dashboard_overview_api_model.g.dart
DA:9,0
DA:11,0
DA:12,0
DA:13,0
DA:14,0
DA:15,0
DA:16,0
DA:17,0
DA:18,0
DA:19,0
DA:20,0
DA:21,0
DA:22,0
DA:25,0
DA:27,0
DA:28,0
DA:29,0
DA:30,0
DA:31,0
DA:32,0
DA:33,0
DA:34,0
DA:35,0
DA:36,0
DA:37,0
DA:38,0
LF:26
LH:0
end_of_record
SF:lib\features\dashboard\domain\entity\dashboard_overview_entity.dart
DA:16,0
DA:30,0
DA:31,0
DA:32,0
DA:33,0
DA:34,0
DA:35,0
DA:36,0
DA:37,0
DA:38,0
DA:39,0
DA:40,0
DA:41,0
DA:42,0
LF:14
LH:0
end_of_record
SF:lib\features\dashboard\presentation\view\home\home_view.dart
DA:13,8
DA:15,0
DA:18,0
DA:20,0
DA:22,0
DA:23,0
DA:31,4
DA:33,0
DA:34,0
DA:40,0
DA:42,0
DA:43,0
DA:44,0
DA:45,0
DA:47,0
DA:48,0
DA:49,0
DA:50,0
DA:56,0
DA:57,0
DA:64,0
DA:66,0
DA:67,0
DA:70,0
DA:72,0
DA:73,0
DA:74,0
DA:78,0
DA:79,0
DA:80,0
DA:82,0
DA:83,0
DA:84,0
DA:88,0
DA:89,0
DA:90,0
DA:99,0
DA:103,0
DA:104,0
DA:109,0
DA:110,0
DA:111,0
DA:113,0
DA:116,0
DA:117,0
DA:118,0
DA:121,0
DA:122,0
DA:124,0
DA:125,0
DA:128,0
DA:130,0
DA:131,0
DA:136,0
DA:138,0
DA:142,0
DA:144,0
DA:148,0
DA:150,0
DA:153,0
DA:155,0
DA:156,0
DA:160,0
DA:162,0
DA:186,0
DA:195,0
DA:197,0
DA:198,0
DA:199,0
DA:202,0
DA:204,0
DA:205,0
DA:206,0
DA:208,0
DA:210,0
DA:212,0
DA:213,0
DA:215,0
DA:217,0
DA:218,0
DA:220,0
DA:223,0
DA:225,0
DA:226,0
DA:228,0
DA:229,0
DA:231,0
DA:235,0
DA:236,0
DA:237,0
DA:242,0
DA:244,0
DA:246,0
DA:254,4
DA:256,0
DA:258,0
DA:259,0
DA:262,0
DA:263,0
DA:264,0
DA:265,0
DA:267,0
DA:269,0
DA:270,0
DA:272,0
DA:274,0
LF:106
LH:3
end_of_record
SF:lib\features\dashboard\presentation\view_model\dashboard_layout_viewmodel\dashboard_state.dart
DA:6,0
DA:8,0
DA:9,0
DA:21,0
DA:23,0
DA:24,0
LF:6
LH:0
end_of_record
SF:lib\features\dashboard\presentation\widgets\app_drawer.dart
DA:17,0
DA:23,0
DA:25,0
DA:26,0
DA:28,0
DA:38,0
DA:41,0
DA:42,0
DA:45,0
DA:48,0
DA:49,0
DA:52,0
DA:55,0
DA:56,0
DA:68,0
DA:71,0
DA:72,0
DA:84,0
DA:87,0
DA:88,0
DA:95,0
DA:97,0
DA:98,0
DA:99,0
DA:103,0
DA:106,0
DA:107,0
DA:108,0
LF:28
LH:0
end_of_record
SF:lib\features\dashboard\presentation\view_model\home_viewmodel\home_event.dart
DA:4,4
DA:6,0
DA:7,0
DA:14,4
DA:16,0
DA:17,0
LF:6
LH:2
end_of_record
SF:lib\features\dashboard\presentation\view_model\home_viewmodel\home_state.dart
DA:9,0
DA:15,4
DA:20,0
DA:26,0
DA:27,0
DA:28,0
DA:29,0
DA:33,0
DA:34,0
LF:9
LH:1
end_of_record
SF:lib\features\dashboard\presentation\view_model\dashboard_layout_viewmodel\dashboard_event.dart
DA:6,0
DA:8,0
DA:9,0
LF:3
LH:0
end_of_record
SF:lib\features\profile\presentation\view\profile_view.dart
DA:18,4
DA:20,0
DA:23,0
DA:25,0
DA:27,0
DA:28,0
DA:35,4
DA:37,0
DA:43,0
DA:46,0
DA:47,0
DA:48,0
DA:49,0
DA:50,0
DA:51,0
DA:54,0
DA:55,0
DA:56,0
DA:58,0
DA:59,0
DA:60,0
DA:62,0
DA:69,0
DA:71,0
DA:72,0
DA:73,0
DA:74,0
DA:75,0
DA:76,0
DA:78,0
DA:79,0
DA:80,0
DA:83,0
DA:87,0
DA:88,0
DA:90,0
DA:92,0
DA:93,0
DA:94,0
DA:95,0
DA:96,0
DA:99,0
DA:101,0
DA:103,0
DA:104,0
DA:105,0
DA:106,0
DA:110,0
DA:113,0
DA:114,0
DA:117,0
DA:118,0
DA:120,0
DA:124,0
DA:126,0
DA:127,0
DA:128,0
DA:130,0
DA:131,0
DA:132,0
DA:134,0
DA:135,0
DA:138,0
DA:141,0
DA:144,0
DA:145,0
DA:146,0
DA:149,0
DA:150,0
DA:151,0
DA:158,0
DA:160,0
DA:162,0
DA:163,0
DA:165,0
DA:167,0
DA:170,0
DA:171,0
DA:172,0
DA:173,0
DA:179,0
DA:181,0
DA:183,0
DA:185,0
DA:187,0
DA:189,0
DA:195,0
DA:196,0
DA:197,0
DA:198,0
DA:200,0
DA:206,0
DA:208,0
DA:210,0
DA:213,0
DA:216,0
DA:232,0
DA:236,0
DA:239,0
DA:240,0
DA:251,0
DA:253,0
DA:259,0
DA:260,0
DA:267,0
DA:268,0
DA:269,0
DA:270,0
DA:291,4
DA:298,0
DA:300,0
DA:302,0
DA:303,0
DA:304,0
DA:305,0
DA:307,0
DA:308,0
DA:310,0
DA:314,0
DA:315,0
DA:317,0
DA:320,0
DA:321,0
DA:322,0
DA:324,0
DA:327,0
DA:338,0
DA:340,0
DA:342,0
DA:343,0
DA:344,0
DA:346,0
DA:347,0
DA:348,0
DA:350,0
DA:352,0
DA:354,0
DA:355,0
DA:357,0
DA:358,0
DA:362,0
DA:364,0
DA:365,0
DA:369,0
DA:371,0
DA:372,0
DA:373,0
DA:374,0
DA:375,0
LF:149
LH:3
end_of_record
SF:lib\features\sales\presentation\view\sales_history_view.dart
DA:13,4
DA:15,0
DA:18,0
DA:25,4
DA:27,0
DA:29,0
DA:31,0
DA:32,0
DA:33,0
DA:34,0
DA:35,0
DA:36,0
DA:37,0
DA:39,0
DA:44,0
DA:46,0
DA:47,0
DA:51,0
DA:52,0
DA:53,0
DA:54,0
DA:57,0
DA:58,0
DA:59,0
DA:62,0
LF:25
LH:2
end_of_record
SF:lib\features\stock\presentation\view\stock_view.dart
DA:12,4
DA:14,0
DA:16,0
DA:18,0
DA:19,0
DA:20,0
DA:25,0
DA:30,4
DA:32,0
DA:34,0
DA:36,0
DA:37,0
DA:40,0
DA:41,0
DA:43,0
DA:44,0
DA:45,0
DA:46,0
DA:47,0
DA:48,0
DA:52,0
DA:53,0
DA:54,0
DA:56,0
DA:57,0
DA:59,0
DA:60,0
DA:61,0
DA:72,0
LF:29
LH:2
end_of_record
SF:lib\features\supplier\presentation\view\supplier_view.dart
DA:12,4
DA:14,0
DA:17,0
DA:19,0
DA:21,0
DA:23,0
DA:24,0
DA:31,4
DA:33,0
DA:34,0
DA:45,0
DA:47,0
DA:48,0
DA:50,0
DA:51,0
DA:52,0
DA:53,0
DA:54,0
DA:57,0
DA:59,0
DA:60,0
DA:61,0
DA:62,0
DA:65,0
DA:66,0
DA:67,0
DA:68,0
DA:72,0
DA:73,0
DA:74,0
DA:75,0
DA:76,0
DA:77,0
DA:78,0
DA:83,0
DA:85,0
DA:86,0
DA:88,0
DA:89,0
DA:90,0
DA:92,0
DA:96,0
DA:182,0
DA:183,0
DA:184,0
DA:190,0
DA:192,0
DA:193,0
DA:194,0
DA:199,0
DA:203,0
DA:204,0
DA:205,0
DA:206,0
DA:207,0
DA:227,0
DA:229,0
DA:230,0
DA:231,0
DA:232,0
DA:238,0
DA:239,0
DA:242,0
DA:253,0
DA:256,0
DA:257,0
DA:258,0
DA:259,0
DA:261,0
DA:263,0
DA:264,0
DA:269,0
DA:270,0
DA:273,0
DA:274,0
DA:279,0
DA:281,0
DA:287,0
DA:288,0
DA:289,0
DA:290,0
DA:291,0
DA:292,0
DA:293,0
DA:294,0
DA:295,0
DA:296,0
DA:299,0
DA:302,0
DA:303,0
DA:307,0
DA:308,0
DA:311,0
DA:315,0
DA:317,0
DA:318,0
DA:319,0
DA:320,0
DA:322,0
DA:323,0
DA:324,0
DA:325,0
DA:326,0
DA:334,0
DA:335,0
DA:343,0
DA:344,0
DA:345,0
DA:346,0
DA:349,0
DA:350,0
LF:111
LH:2
end_of_record
SF:lib\features\forgot_password\presentation\viewmodel\send_otp_viewmodel\send_otp_event.dart
DA:10,0
DA:18,0
LF:2
LH:0
end_of_record
SF:lib\features\forgot_password\presentation\viewmodel\send_otp_viewmodel\send_otp_state.dart
DA:7,4
DA:9,0
DA:10,0
DA:11,0
DA:12,0
DA:16,0
DA:17,0
LF:7
LH:1
end_of_record
SF:lib\features\forgot_password\presentation\view\reset_password_view.dart
DA:14,0
DA:23,0
DA:25,0
DA:26,0
DA:28,0
DA:29,0
DA:30,0
DA:32,0
DA:33,0
DA:34,0
DA:35,0
DA:36,0
DA:38,0
DA:40,0
DA:43,0
DA:48,0
DA:51,0
DA:55,0
DA:57,0
DA:58,0
DA:59,0
DA:60,0
DA:62,0
DA:64,0
DA:65,0
DA:66,0
DA:67,0
DA:68,0
DA:69,0
DA:73,0
DA:74,0
DA:75,0
DA:78,0
DA:79,0
DA:85,0
DA:86,0
DA:89,0
DA:90,0
DA:93,0
DA:104,0
DA:107,0
DA:108,0
DA:109,0
DA:110,0
DA:111,0
DA:115,0
DA:116,0
DA:122,0
DA:123,0
DA:126,0
DA:127,0
DA:138,0
DA:140,0
DA:142,0
DA:143,0
DA:145,0
DA:146,0
DA:147,0
DA:150,0
DA:151,0
DA:158,0
DA:181,0
DA:183,0
DA:185,0
DA:186,0
DA:187,0
DA:189,0
DA:192,0
DA:194,0
DA:197,0
DA:199,0
DA:202,0
DA:204,0
DA:207,0
DA:209,0
DA:219,0
DA:221,0
DA:223,0
DA:225,0
DA:226,0
DA:227,0
DA:228,0
DA:229,0
DA:231,0
LF:84
LH:0
end_of_record
SF:lib\features\forgot_password\presentation\viewmodel\reset_password_viewmodel\reset_password_event.dart
DA:10,0
DA:19,0
DA:28,0
LF:3
LH:0
end_of_record
SF:lib\features\forgot_password\presentation\viewmodel\reset_password_viewmodel\reset_password_state.dart
DA:14,4
DA:25,0
DA:26,0
DA:28,0
DA:37,0
DA:38,0
DA:39,0
DA:40,0
DA:41,0
DA:42,0
DA:43,0
DA:44,0
DA:48,0
DA:49,0
DA:50,0
DA:51,0
DA:52,0
DA:53,0
DA:54,0
DA:55,0
DA:56,0
LF:21
LH:1
end_of_record
SF:lib\features\forgot_password\presentation\view\verify_otp_view.dart
DA:15,0
DA:20,0
DA:22,0
DA:23,0
DA:26,0
DA:29,0
DA:30,0
DA:31,0
DA:32,0
DA:36,0
DA:37,0
DA:40,0
DA:41,0
DA:44,0
DA:45,0
DA:46,0
DA:48,0
DA:49,0
DA:50,0
DA:51,0
DA:52,0
DA:54,0
DA:57,0
DA:60,0
DA:65,0
DA:66,0
DA:68,0
DA:72,0
DA:74,0
DA:75,0
DA:76,0
DA:77,0
DA:79,0
DA:81,0
DA:82,0
DA:83,0
DA:88,0
DA:89,0
DA:97,0
DA:99,0
DA:101,0
DA:102,0
DA:103,0
DA:104,0
DA:106,0
DA:107,0
DA:114,0
DA:126,0
DA:128,0
DA:129,0
DA:131,0
DA:133,0
DA:134,0
DA:136,0
DA:137,0
DA:138,0
DA:142,0
DA:143,0
DA:153,0
DA:154,0
DA:155,0
DA:156,0
DA:158,0
LF:63
LH:0
end_of_record
SF:lib\features\forgot_password\presentation\viewmodel\verify_otp_viewmodel\verify_otp_event.dart
DA:9,0
DA:17,0
DA:28,0
DA:35,0
LF:4
LH:0
end_of_record
SF:lib\features\forgot_password\presentation\viewmodel\verify_otp_viewmodel\verify_otp_state.dart
DA:9,4
DA:16,0
DA:22,0
DA:23,0
DA:24,0
DA:25,0
DA:26,0
DA:30,0
DA:31,0
DA:32,0
DA:33,0
DA:34,0
DA:35,0
LF:13
LH:1
end_of_record
SF:lib\features\product\data\dto\create_product_dto.dart
DA:20,0
DA:33,0
DA:34,0
DA:36,0
LF:4
LH:0
end_of_record
SF:lib\features\product\data\dto\create_product_dto.g.dart
DA:9,0
DA:10,0
DA:11,0
DA:12,0
DA:13,0
DA:14,0
DA:15,0
DA:16,0
DA:17,0
DA:18,0
DA:19,0
DA:20,0
DA:23,0
DA:24,0
DA:25,0
DA:26,0
DA:27,0
DA:28,0
DA:29,0
DA:30,0
DA:31,0
DA:32,0
DA:33,0
DA:34,0
LF:24
LH:0
end_of_record
SF:lib\features\product\data\dto\update_product_dto.dart
DA:18,0
DA:29,0
DA:30,0
DA:32,0
LF:4
LH:0
end_of_record
SF:lib\features\product\data\dto\update_product_dto.g.dart
DA:9,0
DA:10,0
DA:11,0
DA:12,0
DA:13,0
DA:14,0
DA:15,0
DA:16,0
DA:17,0
DA:18,0
DA:21,0
DA:22,0
DA:23,0
DA:24,0
DA:25,0
DA:26,0
DA:27,0
DA:28,0
DA:29,0
DA:30,0
LF:20
LH:0
end_of_record
SF:lib\features\product\data\model\product_api_model.dart
DA:30,0
DA:48,0
DA:49,0
DA:51,0
DA:53,0
DA:54,0
DA:55,0
DA:56,0
DA:57,0
DA:58,0
DA:59,0
DA:60,0
DA:61,0
DA:62,0
DA:63,0
DA:64,0
DA:65,0
DA:66,0
DA:67,0
DA:68,0
DA:69,0
LF:21
LH:0
end_of_record
SF:lib\features\product\data\model\product_api_model.g.dart
DA:9,0
DA:10,0
DA:11,0
DA:12,0
DA:13,0
DA:14,0
DA:15,0
DA:16,0
DA:17,0
DA:18,0
DA:19,0
DA:20,0
DA:21,0
DA:23,0
DA:24,0
DA:25,0
DA:26,0
DA:27,0
DA:28,0
DA:31,0
DA:32,0
DA:33,0
DA:34,0
DA:35,0
DA:36,0
DA:37,0
DA:38,0
DA:39,0
DA:40,0
DA:41,0
DA:42,0
DA:43,0
DA:44,0
DA:45,0
DA:46,0
DA:47,0
LF:36
LH:0
end_of_record
SF:lib\features\product\data\model\product_list_view_api_model.dart
DA:14,0
DA:16,0
DA:17,0
DA:19,0
DA:21,0
DA:22,0
DA:23,0
DA:24,0
LF:8
LH:0
end_of_record
SF:lib\features\product\data\model\product_list_view_api_model.g.dart
DA:9,0
DA:11,0
DA:12,0
DA:13,0
DA:14,0
DA:15,0
DA:16,0
DA:19,0
DA:21,0
DA:22,0
DA:23,0
LF:11
LH:0
end_of_record
SF:lib\features\product\data\model\product_category_api_model.dart
DA:12,0
DA:17,0
DA:18,0
DA:20,0
DA:22,0
DA:23,0
DA:24,0
DA:25,0
LF:8
LH:0
end_of_record
SF:lib\features\product\data\model\product_category_api_model.g.dart
DA:9,0
DA:11,0
DA:12,0
DA:13,0
DA:16,0
DA:18,0
DA:19,0
DA:20,0
LF:8
LH:0
end_of_record
SF:lib\features\product\data\model\product_supplier_api_model.dart
DA:14,0
DA:21,0
DA:22,0
DA:24,0
DA:26,0
DA:27,0
DA:28,0
DA:29,0
DA:30,0
DA:31,0
LF:10
LH:0
end_of_record
SF:lib\features\product\data\model\product_supplier_api_model.g.dart
DA:9,0
DA:11,0
DA:12,0
DA:13,0
DA:14,0
DA:15,0
DA:18,0
DA:20,0
DA:21,0
DA:22,0
DA:23,0
DA:24,0
LF:12
LH:0
end_of_record
SF:lib\features\product\domain\entity\product_entity.dart
DA:22,0
DA:40,0
DA:41,0
DA:42,0
DA:43,0
DA:44,0
DA:45,0
DA:46,0
DA:47,0
DA:48,0
DA:49,0
DA:50,0
DA:51,0
DA:52,0
DA:53,0
DA:54,0
DA:55,0
DA:56,0
LF:18
LH:0
end_of_record
SF:lib\features\product\domain\entity\product_category_entity.dart
DA:7,0
DA:9,0
DA:10,0
LF:3
LH:0
end_of_record
SF:lib\features\product\data\model\product_pagination_api_model.dart
DA:12,0
DA:18,0
DA:19,0
DA:21,0
DA:23,0
DA:24,0
DA:25,0
DA:26,0
DA:27,0
LF:9
LH:0
end_of_record
SF:lib\features\product\data\model\product_pagination_api_model.g.dart
DA:9,0
DA:11,0
DA:12,0
DA:13,0
DA:14,0
DA:17,0
DA:19,0
DA:20,0
DA:21,0
DA:22,0
LF:10
LH:0
end_of_record
SF:lib\features\product\domain\entity\product_list_view_entity.dart
DA:9,0
DA:11,0
DA:12,0
LF:3
LH:0
end_of_record
SF:lib\features\product\domain\entity\product_pagination_entity.dart
DA:8,0
DA:14,0
DA:15,0
LF:3
LH:0
end_of_record
SF:lib\features\product\domain\entity\product_supplier_entity.dart
DA:9,0
DA:16,0
DA:17,0
LF:3
LH:0
end_of_record
SF:lib\features\product\presentation\view_model\product_detail_view_model\product_detail_event.dart
DA:6,0
DA:8,0
DA:9,0
DA:15,0
DA:17,0
DA:18,0
DA:24,0
DA:26,0
DA:27,0
DA:33,0
DA:35,0
DA:36,0
LF:12
LH:0
end_of_record
SF:lib\features\product\presentation\view_model\product_detail_view_model\product_detail_state.dart
DA:11,0
DA:19,4
DA:26,0
DA:35,0
DA:36,0
DA:37,0
DA:38,0
DA:39,0
DA:41,0
DA:45,0
DA:46,0
DA:47,0
DA:48,0
DA:49,0
DA:50,0
DA:51,0
LF:16
LH:1
end_of_record
SF:lib\features\product\presentation\view_model\product_form_view_model\product_form_event.dart
DA:5,0
DA:7,0
DA:8,0
DA:14,0
DA:16,0
DA:17,0
DA:34,0
DA:48,0
DA:49,0
DA:50,0
DA:51,0
DA:52,0
DA:53,0
DA:54,0
DA:55,0
DA:56,0
DA:57,0
DA:58,0
DA:59,0
DA:60,0
LF:20
LH:0
end_of_record
SF:lib\features\product\presentation\view_model\product_form_view_model\product_form_state.dart
DA:20,0
DA:31,4
DA:41,0
DA:53,0
DA:54,0
DA:55,0
DA:56,0
DA:57,0
DA:58,0
DA:59,0
DA:60,0
DA:62,0
DA:66,0
DA:67,0
DA:68,0
DA:69,0
DA:70,0
DA:71,0
DA:72,0
DA:73,0
DA:74,0
DA:75,0
LF:22
LH:1
end_of_record
SF:lib\features\supplier\domain\entity\supplier_entity.dart
DA:13,0
DA:24,0
DA:25,0
DA:26,0
DA:27,0
DA:28,0
DA:29,0
DA:30,0
DA:31,0
DA:32,0
DA:33,0
LF:11
LH:0
end_of_record
SF:lib\features\product\presentation\view_model\product_view_viewmodel\product_event.dart
DA:4,0
DA:6,0
DA:7,0
DA:17,0
DA:25,0
DA:26,0
DA:27,0
DA:28,0
DA:29,0
DA:30,0
DA:31,0
DA:41,0
DA:46,0
DA:47,0
LF:14
LH:0
end_of_record
SF:lib\features\product\presentation\view_model\product_view_viewmodel\product_state.dart
DA:19,0
DA:33,4
DA:46,0
DA:48,0
DA:63,0
DA:64,0
DA:65,0
DA:66,0
DA:67,0
DA:68,0
DA:72,0
DA:73,0
DA:74,0
DA:75,0
DA:76,0
DA:77,0
DA:81,0
DA:82,0
DA:83,0
DA:84,0
DA:85,0
DA:86,0
DA:87,0
DA:88,0
DA:89,0
DA:90,0
DA:91,0
DA:92,0
DA:93,0
LF:29
LH:1
end_of_record
SF:lib\features\profile\data\model\profile_api_model.dart
DA:21,0
DA:35,0
DA:36,0
DA:38,0
DA:40,0
DA:41,0
DA:42,0
DA:43,0
DA:44,0
DA:45,0
DA:46,0
DA:47,0
DA:48,0
DA:49,0
DA:50,0
DA:51,0
DA:52,0
LF:17
LH:0
end_of_record
SF:lib\features\profile\data\model\profile_api_model.g.dart
DA:9,0
DA:10,0
DA:11,0
DA:12,0
DA:13,0
DA:14,0
DA:15,0
DA:16,0
DA:17,0
DA:18,0
DA:19,0
DA:20,0
DA:21,0
DA:24,0
DA:25,0
DA:26,0
DA:27,0
DA:28,0
DA:29,0
DA:30,0
DA:31,0
DA:32,0
DA:33,0
DA:34,0
DA:35,0
DA:36,0
LF:26
LH:0
end_of_record
SF:lib\features\profile\domain\entity\profile_entity.dart
DA:16,0
DA:30,0
DA:32,0
DA:33,0
DA:34,0
DA:35,0
DA:36,0
DA:37,0
DA:38,0
DA:39,0
DA:40,0
DA:41,0
DA:42,0
DA:43,0
DA:44,0
LF:15
LH:0
end_of_record
SF:lib\features\profile\presentation\viewmodel\profile_event.dart
DA:8,0
DA:10,0
DA:11,0
DA:20,0
DA:25,0
DA:26,0
DA:33,0
DA:38,0
DA:39,0
DA:45,0
DA:47,0
DA:48,0
DA:54,0
DA:56,0
DA:57,0
DA:63,0
DA:65,0
DA:66,0
DA:72,0
DA:74,0
DA:75,0
LF:21
LH:0
end_of_record
SF:lib\features\profile\presentation\viewmodel\profile_state.dart
DA:15,0
DA:25,4
DA:34,0
DA:46,0
DA:47,0
DA:48,0
DA:49,0
DA:51,0
DA:52,0
DA:54,0
DA:55,0
DA:59,0
DA:60,0
DA:61,0
DA:62,0
DA:63,0
DA:64,0
DA:65,0
DA:66,0
DA:67,0
LF:20
LH:1
end_of_record
SF:lib\features\profile\presentation\widgets\add_phone_dialog.dart
DA:8,4
DA:10,0
DA:11,0
DA:18,0
DA:20,0
DA:21,0
DA:24,0
DA:26,0
DA:27,0
DA:30,0
DA:31,0
DA:32,0
DA:33,0
DA:36,0
DA:37,0
DA:42,0
DA:44,0
DA:46,0
DA:47,0
DA:48,0
DA:50,0
DA:51,0
DA:52,0
DA:55,0
DA:56,0
DA:59,0
DA:68,0
DA:69,0
DA:70,0
DA:73,0
DA:74,0
DA:75,0
DA:76,0
DA:78,0
LF:34
LH:1
end_of_record
SF:lib\features\profile\presentation\widgets\profile_header.dart
DA:15,0
DA:17,0
DA:18,0
DA:19,0
DA:21,0
DA:22,0
DA:24,0
DA:26,0
DA:27,0
DA:37,0
DA:40,0
DA:44,0
DA:46,0
DA:47,0
DA:53,0
DA:66,0
DA:67,0
DA:75,0
DA:77,0
DA:78,0
DA:81,0
DA:87,0
DA:89,0
DA:90,0
DA:91,0
DA:94,0
DA:96,0
DA:99,0
DA:104,0
DA:106,0
DA:108,0
DA:109,0
DA:110,0
DA:113,0
DA:115,0
DA:116,0
DA:117,0
DA:118,0
DA:119,0
DA:120,0
DA:122,0
DA:125,0
DA:126,0
DA:127,0
DA:130,0
DA:133,0
DA:134,0
DA:136,0
DA:137,0
DA:138,0
DA:139,0
DA:151,0
DA:153,0
DA:154,0
DA:155,0
DA:156,0
LF:56
LH:0
end_of_record
SF:lib\features\profile\presentation\widgets\profile_section.dart
DA:9,0
DA:17,0
DA:19,0
DA:20,0
DA:22,0
DA:23,0
DA:25,0
DA:27,0
DA:28,0
DA:30,0
DA:31,0
DA:32,0
DA:33,0
DA:37,0
LF:14
LH:0
end_of_record
SF:lib\features\profile\presentation\widgets\update_email_dialog.dart
DA:10,0
DA:12,0
DA:13,0
DA:20,0
DA:22,0
DA:23,0
DA:26,0
DA:28,0
DA:29,0
DA:32,0
DA:33,0
DA:34,0
DA:35,0
DA:38,0
DA:39,0
DA:44,0
DA:46,0
DA:48,0
DA:49,0
DA:50,0
DA:52,0
DA:53,0
DA:54,0
DA:57,0
DA:58,0
DA:61,0
DA:63,0
DA:66,0
DA:75,0
DA:76,0
DA:77,0
DA:80,0
DA:81,0
DA:82,0
DA:83,0
DA:85,0
LF:36
LH:0
end_of_record
SF:lib\features\profile\presentation\widgets\update_info_dialog.dart
DA:12,0
DA:14,0
DA:15,0
DA:23,0
DA:25,0
DA:26,0
DA:27,0
DA:30,0
DA:32,0
DA:33,0
DA:34,0
DA:37,0
DA:38,0
DA:39,0
DA:40,0
DA:41,0
DA:42,0
DA:46,0
DA:47,0
DA:52,0
DA:55,0
DA:57,0
DA:58,0
DA:59,0
DA:61,0
DA:62,0
DA:63,0
DA:67,0
DA:68,0
DA:73,0
DA:74,0
DA:78,0
DA:79,0
DA:86,0
DA:87,0
DA:88,0
DA:91,0
DA:92,0
DA:93,0
DA:94,0
DA:96,0
LF:41
LH:0
end_of_record
SF:lib\features\profile\presentation\widgets\update_password_dialog.dart
DA:8,4
DA:10,0
DA:11,0
DA:24,0
DA:26,0
DA:27,0
DA:28,0
DA:29,0
DA:32,0
DA:34,0
DA:35,0
DA:36,0
DA:37,0
DA:40,0
DA:41,0
DA:42,0
DA:43,0
DA:44,0
DA:45,0
DA:49,0
DA:50,0
DA:55,0
DA:57,0
DA:59,0
DA:60,0
DA:61,0
DA:62,0
DA:64,0
DA:65,0
DA:66,0
DA:67,0
DA:68,0
DA:70,0
DA:71,0
DA:72,0
DA:75,0
DA:76,0
DA:79,0
DA:80,0
DA:81,0
DA:82,0
DA:84,0
DA:85,0
DA:86,0
DA:89,0
DA:90,0
DA:93,0
DA:100,0
DA:101,0
DA:102,0
DA:103,0
DA:105,0
DA:106,0
DA:107,0
DA:110,0
DA:111,0
DA:121,0
DA:122,0
DA:123,0
DA:126,0
DA:127,0
DA:128,0
DA:129,0
DA:130,0
LF:64
LH:1
end_of_record
SF:lib\features\purchase\data\dto\create_purchase_dto.dart
DA:12,0
DA:18,0
DA:19,0
DA:21,0
DA:23,0
DA:24,0
DA:36,0
DA:45,0
DA:46,0
DA:48,0
DA:50,0
DA:51,0
DA:52,0
DA:53,0
DA:54,0
DA:55,0
DA:56,0
DA:57,0
LF:18
LH:0
end_of_record
SF:lib\features\purchase\data\dto\create_purchase_dto.g.dart
DA:9,0
DA:11,0
DA:12,0
DA:13,0
DA:14,0
DA:17,0
DA:19,0
DA:20,0
DA:21,0
DA:22,0
DA:25,0
DA:26,0
DA:27,0
DA:28,0
DA:29,0
DA:30,0
DA:31,0
DA:32,0
DA:33,0
DA:34,0
DA:36,0
DA:39,0
DA:40,0
DA:41,0
DA:42,0
DA:43,0
DA:44,0
DA:45,0
DA:46,0
LF:29
LH:0
end_of_record
SF:lib\features\purchase\data\dto\update_purchase_dto.dart
DA:20,0
DA:29,0
DA:30,0
DA:32,0
DA:34,0
DA:35,0
DA:36,0
DA:37,0
DA:38,0
DA:39,0
DA:40,0
DA:41,0
LF:12
LH:0
end_of_record
SF:lib\features\purchase\data\dto\update_purchase_dto.g.dart
DA:9,0
DA:10,0
DA:11,0
DA:12,0
DA:13,0
DA:14,0
DA:15,0
DA:16,0
DA:17,0
DA:18,0
DA:19,0
DA:21,0
DA:24,0
DA:25,0
DA:26,0
DA:27,0
DA:28,0
DA:29,0
DA:30,0
DA:31,0
DA:32,0
LF:21
LH:0
end_of_record
SF:lib\features\purchase\data\model\purchase_api_model.dart
DA:20,0
DA:27,0
DA:28,0
DA:29,0
DA:31,0
DA:32,0
DA:34,0
DA:35,0
DA:47,0
DA:55,0
DA:56,0
DA:57,0
DA:59,0
DA:60,0
DA:61,0
DA:62,0
DA:63,0
DA:64,0
DA:67,0
DA:68,0
DA:79,0
DA:86,0
DA:87,0
DA:88,0
DA:90,0
DA:91,0
DA:93,0
DA:94,0
DA:110,0
DA:122,0
DA:123,0
DA:124,0
DA:126,0
DA:127,0
DA:128,0
DA:129,0
DA:130,0
DA:131,0
DA:132,0
DA:133,0
DA:134,0
DA:135,0
DA:138,0
DA:139,0
DA:140,0
DA:141,0
DA:142,0
DA:143,0
DA:144,0
DA:145,0
DA:146,0
DA:147,0
DA:148,0
DA:159,0
DA:166,0
DA:167,0
DA:168,0
DA:170,0
DA:171,0
DA:172,0
DA:173,0
DA:174,0
DA:177,0
DA:178,0
DA:179,0
DA:180,0
DA:181,0
DA:182,0
DA:192,0
DA:197,0
DA:198,0
DA:199,0
DA:201,0
DA:202,0
DA:203,0
DA:206,0
DA:207,0
LF:77
LH:0
end_of_record
SF:lib\features\purchase\data\model\purchase_api_model.g.dart
DA:9,0
DA:11,0
DA:12,0
DA:13,0
DA:14,0
DA:15,0
DA:18,0
DA:20,0
DA:21,0
DA:22,0
DA:23,0
DA:24,0
DA:27,0
DA:29,0
DA:30,0
DA:31,0
DA:32,0
DA:33,0
DA:34,0
DA:35,0
DA:38,0
DA:40,0
DA:41,0
DA:42,0
DA:43,0
DA:44,0
DA:45,0
DA:48,0
DA:50,0
DA:51,0
DA:52,0
DA:53,0
DA:54,0
DA:57,0
DA:59,0
DA:60,0
DA:61,0
DA:62,0
DA:63,0
DA:66,0
DA:67,0
DA:68,0
DA:69,0
DA:70,0
DA:71,0
DA:72,0
DA:73,0
DA:74,0
DA:75,0
DA:76,0
DA:77,0
DA:78,0
DA:79,0
DA:82,0
DA:83,0
DA:84,0
DA:85,0
DA:86,0
DA:87,0
DA:88,0
DA:89,0
DA:90,0
DA:91,0
DA:92,0
DA:95,0
DA:97,0
DA:98,0
DA:99,0
DA:100,0
DA:101,0
DA:104,0
DA:106,0
DA:107,0
DA:108,0
DA:109,0
DA:110,0
DA:113,0
DA:115,0
DA:116,0
DA:117,0
DA:118,0
DA:119,0
DA:120,0
DA:123,0
DA:125,0
DA:126,0
DA:127,0
LF:87
LH:0
end_of_record
SF:lib\features\purchase\domain\entity\purchase_entity.dart
DA:16,0
DA:28,0
DA:29,0
DA:30,0
DA:31,0
DA:32,0
DA:33,0
DA:34,0
DA:35,0
DA:36,0
DA:37,0
DA:38,0
LF:12
LH:0
end_of_record
SF:lib\features\purchase\domain\entity\purchase_item_entity.dart
DA:11,0
DA:19,0
DA:20,0
LF:3
LH:0
end_of_record
SF:lib\features\purchase\domain\entity\purchase_item_product_entity.dart
DA:9,0
DA:16,0
DA:17,0
LF:3
LH:0
end_of_record
SF:lib\features\purchase\domain\entity\purchase_pagination_entity.dart
DA:10,0
DA:17,0
DA:18,0
DA:19,0
DA:20,0
DA:21,0
DA:22,0
LF:7
LH:0
end_of_record
SF:lib\features\purchase\domain\entity\purchase_supplier_entity.dart
DA:9,0
DA:16,0
DA:17,0
LF:3
LH:0
end_of_record
SF:lib\features\purchase\domain\entity\purchases_list_view_entity.dart
DA:9,0
DA:14,0
DA:15,0
LF:3
LH:0
end_of_record
SF:lib\features\purchase\presentation\view_model\purchase_detail\purchase_detail_event.dart
DA:4,0
DA:6,0
DA:7,0
DA:15,0
DA:17,0
DA:18,0
DA:23,0
DA:28,0
LF:8
LH:0
end_of_record
SF:lib\features\purchase\presentation\view_model\purchase_detail\purchase_detail_state.dart
DA:31,4
DA:40,0
DA:48,0
DA:49,0
DA:50,0
DA:51,0
DA:52,0
DA:53,0
DA:56,0
DA:58,0
DA:62,0
DA:63,0
DA:64,0
DA:65,0
DA:66,0
DA:67,0
DA:68,0
DA:69,0
LF:18
LH:1
end_of_record
SF:lib\features\purchase\presentation\view_model\purchase_history\purchase_history_event.dart
DA:4,0
DA:6,0
DA:7,0
DA:23,0
DA:33,0
DA:34,0
DA:35,0
DA:36,0
DA:37,0
DA:38,0
DA:39,0
DA:40,0
DA:41,0
LF:13
LH:0
end_of_record
SF:lib\features\purchase\presentation\view_model\purchase_history\purchase_history_state.dart
DA:20,4
DA:35,0
DA:49,0
DA:50,0
DA:51,0
DA:52,0
DA:53,0
DA:54,0
DA:55,0
DA:56,0
DA:57,0
DA:58,0
DA:59,0
DA:60,0
DA:61,0
DA:65,0
DA:66,0
DA:67,0
DA:68,0
DA:69,0
DA:70,0
DA:71,0
DA:72,0
DA:73,0
DA:74,0
DA:75,0
DA:76,0
DA:77,0
DA:78,0
LF:29
LH:1
end_of_record
SF:lib\features\sales\data\dto\create_sale_dto.dart
DA:12,0
DA:18,0
DA:19,0
DA:21,0
DA:23,0
DA:24,0
DA:33,0
DA:39,0
DA:40,0
DA:42,0
DA:44,0
DA:45,0
LF:12
LH:0
end_of_record
SF:lib\features\sales\data\dto\create_sale_dto.g.dart
DA:9,0
DA:10,0
DA:11,0
DA:12,0
DA:13,0
DA:16,0
DA:17,0
DA:18,0
DA:19,0
DA:20,0
DA:23,0
DA:24,0
DA:25,0
DA:26,0
DA:27,0
DA:28,0
DA:29,0
DA:32,0
DA:33,0
DA:34,0
DA:35,0
DA:36,0
LF:22
LH:0
end_of_record
SF:lib\features\sales\data\model\sale_api_model.dart
DA:19,0
DA:26,0
DA:27,0
DA:29,0
DA:31,0
DA:32,0
DA:34,0
DA:35,0
DA:47,0
DA:55,0
DA:56,0
DA:58,0
DA:60,0
DA:61,0
DA:62,0
DA:63,0
DA:64,0
DA:65,0
DA:68,0
DA:69,0
DA:83,0
DA:93,0
DA:94,0
DA:96,0
DA:98,0
DA:99,0
DA:100,0
DA:101,0
DA:102,0
DA:103,0
DA:104,0
DA:105,0
DA:108,0
DA:109,0
DA:110,0
DA:111,0
DA:112,0
DA:113,0
DA:114,0
DA:115,0
DA:116,0
DA:127,0
DA:134,0
DA:135,0
DA:137,0
DA:139,0
DA:140,0
DA:141,0
DA:142,0
DA:143,0
DA:146,0
DA:147,0
DA:148,0
DA:149,0
DA:150,0
DA:151,0
DA:161,0
DA:163,0
DA:164,0
DA:166,0
DA:168,0
DA:169,0
DA:170,0
DA:173,0
DA:174,0
LF:65
LH:0
end_of_record
SF:lib\features\sales\data\model\sale_api_model.g.dart
DA:9,0
DA:11,0
DA:12,0
DA:13,0
DA:14,0
DA:15,0
DA:18,0
DA:20,0
DA:21,0
DA:22,0
DA:23,0
DA:24,0
DA:27,0
DA:28,0
DA:29,0
DA:30,0
DA:31,0
DA:32,0
DA:33,0
DA:34,0
DA:37,0
DA:38,0
DA:39,0
DA:40,0
DA:41,0
DA:42,0
DA:43,0
DA:46,0
DA:47,0
DA:48,0
DA:49,0
DA:50,0
DA:51,0
DA:52,0
DA:53,0
DA:54,0
DA:55,0
DA:58,0
DA:59,0
DA:60,0
DA:61,0
DA:62,0
DA:63,0
DA:64,0
DA:65,0
DA:66,0
DA:69,0
DA:71,0
DA:72,0
DA:73,0
DA:74,0
DA:75,0
DA:78,0
DA:80,0
DA:81,0
DA:82,0
DA:83,0
DA:84,0
DA:87,0
DA:89,0
DA:90,0
DA:91,0
DA:92,0
DA:93,0
DA:94,0
DA:97,0
DA:99,0
DA:100,0
DA:101,0
LF:69
LH:0
end_of_record
SF:lib\features\sales\domain\entity\sale_entity.dart
DA:14,0
DA:24,0
DA:25,0
DA:26,0
DA:27,0
DA:28,0
DA:29,0
DA:30,0
DA:31,0
DA:32,0
LF:10
LH:0
end_of_record
SF:lib\features\sales\domain\entity\sale_item_entity.dart
DA:12,0
DA:20,0
DA:21,0
LF:3
LH:0
end_of_record
SF:lib\features\sales\domain\entity\sale_item_product_entity.dart
DA:9,0
DA:16,0
DA:17,0
LF:3
LH:0
end_of_record
SF:lib\features\sales\domain\entity\sale_pagination_entity.dart
DA:9,0
DA:16,0
DA:17,0
DA:18,0
DA:19,0
DA:20,0
DA:21,0
LF:7
LH:0
end_of_record
SF:lib\features\sales\domain\entity\sales_list_view_entity.dart
DA:10,0
DA:12,0
DA:13,0
LF:3
LH:0
end_of_record
SF:lib\features\sales\domain\use_case\create_sale_params.dart
DA:8,0
DA:14,0
DA:15,0
DA:23,0
DA:29,0
DA:30,0
LF:6
LH:0
end_of_record
SF:lib\features\sales\presentation\view\create_sale_view.dart
DA:12,4
DA:14,0
DA:16,0
DA:18,0
DA:19,0
DA:20,0
DA:21,0
DA:22,0
DA:23,0
DA:24,0
DA:25,0
DA:26,0
DA:32,0
DA:33,0
DA:35,0
DA:38,0
DA:41,0
DA:47,0
DA:48,0
DA:49,0
DA:50,0
DA:51,0
DA:57,0
DA:59,0
DA:60,0
DA:62,0
DA:63,0
DA:68,0
DA:69,0
DA:70,0
DA:71,0
DA:72,0
LF:32
LH:1
end_of_record
SF:lib\features\sales\presentation\view\tabs\current_sale_tab.dart
DA:9,4
DA:11,0
DA:13,0
DA:14,0
DA:15,0
DA:16,0
DA:34,0
DA:35,0
DA:36,0
DA:38,0
DA:40,0
DA:46,0
DA:47,0
DA:54,0
DA:55,0
DA:56,0
DA:57,0
DA:58,0
DA:59,0
DA:60,0
LF:20
LH:1
end_of_record
SF:lib\features\sales\presentation\view\tabs\product_selection_tab.dart
DA:9,4
DA:11,0
DA:13,0
DA:14,0
DA:16,0
DA:18,0
DA:19,0
DA:20,0
DA:21,0
DA:31,0
DA:32,0
DA:35,0
DA:36,0
DA:37,0
DA:38,0
DA:39,0
DA:43,0
DA:47,0
DA:55,0
DA:56,0
DA:57,0
DA:58,0
LF:22
LH:1
end_of_record
SF:lib\features\sales\presentation\view_model\create_sale\create_sale_event.dart
DA:5,12
DA:7,0
DA:8,0
DA:13,4
DA:20,0
DA:22,0
DA:23,0
DA:30,0
DA:32,0
DA:33,0
DA:41,0
DA:46,0
DA:47,0
DA:54,0
DA:56,0
DA:57,0
DA:62,4
DA:69,0
DA:71,0
DA:72,0
DA:79,4
DA:81,0
DA:82,0
LF:23
LH:4
end_of_record
SF:lib\features\sales\presentation\view_model\create_sale\create_sale_state.dart
DA:11,0
DA:18,0
DA:20,0
DA:21,0
DA:22,0
DA:23,0
DA:24,0
DA:25,0
DA:29,0
DA:30,0
DA:58,0
DA:69,4
DA:79,0
DA:90,0
DA:91,0
DA:92,0
DA:93,0
DA:94,0
DA:95,0
DA:96,0
DA:97,0
DA:98,0
DA:102,0
DA:103,0
DA:104,0
DA:105,0
DA:106,0
DA:107,0
DA:108,0
DA:109,0
DA:110,0
DA:111,0
LF:32
LH:1
end_of_record
SF:lib\features\sales\presentation\widget\sale_summary_footer.dart
DA:9,4
DA:11,0
DA:13,0
DA:15,0
DA:17,0
DA:18,0
DA:19,0
DA:20,0
DA:21,0
DA:22,0
DA:25,0
DA:27,0
DA:28,0
DA:30,0
DA:31,0
DA:33,0
DA:35,0
DA:36,0
DA:37,0
DA:38,0
DA:40,0
DA:41,0
DA:42,0
DA:48,0
DA:50,0
DA:51,0
DA:53,0
DA:54,0
DA:56,0
DA:57,0
DA:58,0
DA:60,0
DA:61,0
DA:66,0
DA:67,0
DA:68,0
DA:70,0
DA:71,0
DA:82,0
DA:84,0
DA:88,0
DA:89,0
LF:42
LH:1
end_of_record
SF:lib\features\sales\presentation\view\sale_detail_view.dart
DA:14,0
DA:16,0
DA:18,0
DA:20,0
DA:21,0
DA:22,0
DA:23,0
DA:24,0
DA:25,0
DA:26,0
DA:27,0
DA:28,0
DA:29,0
DA:31,0
DA:32,0
DA:33,0
DA:34,0
DA:39,0
DA:50,0
DA:52,0
DA:54,0
DA:55,0
DA:57,0
DA:58,0
DA:61,0
DA:63,0
DA:65,0
DA:67,0
DA:69,0
DA:72,0
DA:73,0
DA:75,0
DA:76,0
DA:77,0
DA:78,0
DA:79,0
DA:82,0
DA:85,0
DA:87,0
DA:88,0
DA:89,0
DA:91,0
DA:92,0
DA:101,0
DA:103,0
DA:104,0
DA:105,0
DA:106,0
DA:108,0
DA:109,0
DA:114,0
DA:115,0
DA:116,0
DA:119,0
LF:54
LH:0
end_of_record
SF:lib\features\sales\presentation\view_model\sale_detail\sale_detail_event.dart
DA:4,0
DA:6,0
DA:7,0
DA:13,0
DA:15,0
DA:16,0
LF:6
LH:0
end_of_record
SF:lib\features\sales\presentation\view_model\sale_detail\sale_detail_state.dart
DA:11,0
DA:17,4
DA:22,0
DA:27,0
DA:28,0
DA:29,0
DA:30,0
DA:34,0
DA:35,0
LF:9
LH:1
end_of_record
SF:lib\features\sales\presentation\widget\sale_item_tile.dart
DA:7,0
DA:9,0
DA:11,0
DA:12,0
DA:15,0
DA:16,0
DA:19,0
DA:21,0
DA:23,0
DA:25,0
DA:26,0
DA:27,0
DA:29,0
DA:30,0
DA:31,0
DA:32,0
DA:37,0
DA:38,0
DA:39,0
DA:45,0
DA:47,0
DA:48,0
DA:49,0
DA:50,0
DA:53,0
DA:55,0
LF:26
LH:0
end_of_record
SF:lib\features\sales\presentation\view_model\sale_history\sale_history_event.dart
DA:4,12
DA:6,0
DA:7,0
DA:11,12
DA:15,4
DA:24,0
DA:31,0
DA:32,0
DA:38,0
DA:40,0
DA:41,0
LF:11
LH:3
end_of_record
SF:lib\features\sales\presentation\view_model\sale_history\sales_history_state.dart
DA:20,0
DA:33,4
DA:45,0
DA:47,0
DA:60,0
DA:61,0
DA:62,0
DA:63,0
DA:64,0
DA:65,0
DA:66,0
DA:67,0
DA:68,0
DA:69,0
DA:70,0
DA:74,0
DA:75,0
DA:76,0
DA:77,0
DA:78,0
DA:79,0
DA:80,0
DA:81,0
DA:82,0
DA:83,0
DA:84,0
DA:85,0
LF:27
LH:1
end_of_record
SF:lib\features\sales\presentation\widget\sale_filter_bar.dart
DA:7,4
DA:9,0
DA:10,0
DA:20,0
DA:22,0
DA:23,0
DA:24,0
DA:25,0
DA:26,0
DA:27,0
DA:30,0
DA:32,0
DA:33,0
DA:36,0
DA:37,0
DA:38,0
DA:39,0
DA:40,0
DA:41,0
DA:42,0
DA:47,0
DA:49,0
DA:50,0
DA:51,0
DA:52,0
DA:53,0
DA:54,0
DA:55,0
DA:63,0
DA:64,0
DA:70,0
DA:75,0
DA:76,0
DA:78,0
DA:79,0
DA:80,0
DA:83,0
DA:85,0
DA:86,0
DA:87,0
DA:90,0
DA:92,0
DA:93,0
DA:94,0
DA:98,0
DA:99,0
DA:100,0
DA:102,0
DA:103,0
DA:104,0
DA:105,0
LF:51
LH:1
end_of_record
SF:lib\features\sales\presentation\widget\sale_list.dart
DA:9,4
DA:11,0
DA:12,0
DA:18,0
DA:20,0
DA:21,0
DA:24,0
DA:26,0
DA:27,0
DA:28,0
DA:29,0
DA:32,0
DA:33,0
DA:34,0
DA:38,0
DA:39,0
DA:40,0
DA:41,0
DA:42,0
DA:45,0
DA:47,0
DA:49,0
DA:50,0
DA:51,0
DA:52,0
DA:53,0
DA:54,0
DA:55,0
DA:57,0
DA:58,0
DA:60,0
DA:61,0
DA:62,0
DA:63,0
DA:64,0
DA:70,0
DA:71,0
DA:73,0
LF:38
LH:1
end_of_record
SF:lib\features\sales\presentation\widget\cart_item_tile.dart
DA:11,0
DA:13,0
DA:15,0
DA:16,0
DA:19,0
DA:21,0
DA:22,0
DA:23,0
DA:24,0
DA:26,0
DA:27,0
DA:28,0
DA:29,0
DA:30,0
DA:31,0
DA:32,0
DA:39,0
DA:41,0
DA:42,0
DA:43,0
DA:59,0
DA:61,0
DA:63,0
DA:64,0
DA:65,0
DA:67,0
DA:68,0
DA:69,0
DA:73,0
DA:74,0
DA:75,0
DA:77,0
DA:79,0
DA:80,0
LF:34
LH:0
end_of_record
SF:lib\features\sales\presentation\widget\product_grid_tile.dart
DA:10,0
DA:12,0
DA:14,0
DA:15,0
DA:18,0
DA:20,0
DA:22,0
DA:25,0
DA:27,0
DA:28,0
DA:30,0
DA:32,0
DA:33,0
DA:34,0
DA:35,0
DA:40,0
DA:41,0
DA:42,0
DA:48,0
DA:50,0
DA:52,0
DA:53,0
DA:57,0
DA:59,0
DA:62,0
DA:65,0
DA:66,0
DA:67,0
LF:28
LH:0
end_of_record
SF:lib\features\sales\presentation\widget\sale_card.dart
DA:13,0
DA:15,0
DA:17,0
DA:18,0
DA:19,0
DA:22,0
DA:24,0
DA:26,0
DA:27,0
DA:28,0
DA:30,0
DA:32,0
DA:34,0
DA:36,0
DA:38,0
DA:39,0
DA:40,0
DA:41,0
DA:45,0
DA:47,0
DA:48,0
DA:56,0
DA:58,0
DA:59,0
DA:64,0
DA:67,0
DA:69,0
DA:72,0
DA:78,0
DA:79,0
DA:80,0
DA:81,0
DA:84,0
DA:86,0
DA:88,0
DA:94,0
DA:103,0
DA:105,0
DA:106,0
DA:109,0
DA:110,0
DA:111,0
DA:112,0
DA:127,0
DA:132,0
DA:133,0
DA:134,0
DA:135,0
DA:137,0
DA:142,0
DA:143,0
DA:145,0
DA:146,0
DA:151,0
DA:152,0
DA:154,0
DA:155,0
DA:158,0
DA:159,0
DA:160,0
DA:166,0
DA:167,0
DA:168,0
DA:170,0
LF:64
LH:0
end_of_record
SF:lib\features\stock\data\model\stock_api_model.dart
DA:15,0
DA:17,0
DA:18,0
DA:20,0
DA:22,0
DA:23,0
DA:36,0
DA:44,0
DA:45,0
DA:47,0
DA:49,0
DA:50,0
DA:51,0
DA:52,0
DA:53,0
DA:54,0
DA:55,0
DA:59,0
DA:60,0
DA:71,0
DA:77,0
DA:78,0
DA:80,0
DA:82,0
DA:83,0
DA:84,0
DA:85,0
DA:86,0
DA:90,0
DA:91,0
DA:102,0
DA:109,0
DA:110,0
DA:112,0
DA:114,0
DA:115,0
DA:116,0
DA:117,0
DA:118,0
DA:119,0
DA:123,0
DA:124,0
DA:125,0
DA:126,0
DA:127,0
DA:128,0
DA:138,0
DA:140,0
DA:141,0
DA:143,0
DA:145,0
DA:146,0
DA:147,0
DA:148,0
DA:152,0
DA:153,0
LF:56
LH:0
end_of_record
SF:lib\features\stock\data\model\stock_api_model.g.dart
DA:9,0
DA:11,0
DA:12,0
DA:15,0
DA:17,0
DA:18,0
DA:21,0
DA:23,0
DA:24,0
DA:25,0
DA:26,0
DA:27,0
DA:28,0
DA:30,0
DA:31,0
DA:34,0
DA:36,0
DA:37,0
DA:38,0
DA:39,0
DA:40,0
DA:41,0
DA:44,0
DA:45,0
DA:46,0
DA:47,0
DA:48,0
DA:49,0
DA:52,0
DA:53,0
DA:54,0
DA:55,0
DA:56,0
DA:59,0
DA:61,0
DA:62,0
DA:63,0
DA:64,0
DA:65,0
DA:68,0
DA:70,0
DA:71,0
DA:72,0
DA:73,0
DA:74,0
DA:77,0
DA:79,0
DA:80,0
DA:81,0
DA:82,0
DA:83,0
DA:84,0
DA:87,0
DA:89,0
DA:90,0
DA:91,0
LF:56
LH:0
end_of_record
SF:lib\features\stock\data\model\stock_history_api_model.dart
DA:14,0
DA:16,0
DA:17,0
DA:19,0
DA:21,0
DA:22,0
DA:36,0
DA:45,0
DA:46,0
DA:48,0
DA:50,0
DA:51,0
DA:52,0
DA:53,0
DA:54,0
DA:55,0
DA:56,0
DA:57,0
DA:61,0
DA:62,0
DA:71,0
DA:76,0
DA:77,0
DA:79,0
DA:81,0
DA:82,0
DA:83,0
DA:84,0
DA:88,0
DA:89,0
LF:30
LH:0
end_of_record
SF:lib\features\stock\data\model\stock_history_api_model.g.dart
DA:9,0
DA:11,0
DA:12,0
DA:15,0
DA:17,0
DA:18,0
DA:21,0
DA:23,0
DA:24,0
DA:25,0
DA:26,0
DA:27,0
DA:28,0
DA:29,0
DA:30,0
DA:33,0
DA:35,0
DA:36,0
DA:37,0
DA:38,0
DA:39,0
DA:40,0
DA:41,0
DA:44,0
DA:46,0
DA:47,0
DA:48,0
DA:49,0
DA:50,0
DA:51,0
DA:52,0
DA:55,0
DA:57,0
DA:58,0
DA:59,0
LF:35
LH:0
end_of_record
SF:lib\features\stock\domain\entity\stock_entity.dart
DA:10,0
DA:16,0
DA:17,0
LF:3
LH:0
end_of_record
SF:lib\features\stock\domain\entity\stock_list_view_entity.dart
DA:10,0
DA:12,0
DA:13,0
LF:3
LH:0
end_of_record
SF:lib\features\stock\domain\entity\stock_pagination_entity.dart
DA:9,0
DA:16,0
DA:17,0
DA:18,0
DA:19,0
DA:20,0
DA:21,0
LF:7
LH:0
end_of_record
SF:lib\features\stock\domain\entity\stock_product_info_entity.dart
DA:11,0
DA:19,0
DA:20,0
LF:3
LH:0
end_of_record
SF:lib\features\stock\domain\entity\stock_history_entity.dart
DA:12,0
DA:21,0
DA:22,0
LF:3
LH:0
end_of_record
SF:lib\features\stock\domain\entity\stock_history_view_entity.dart
DA:9,0
DA:14,0
DA:15,0
LF:3
LH:0
end_of_record
SF:lib\features\stock\presentation\view\stock_history_view.dart
DA:14,0
DA:21,0
DA:23,0
DA:25,0
DA:26,0
DA:27,0
DA:28,0
DA:29,0
DA:30,0
DA:32,0
DA:34,0
DA:35,0
DA:36,0
DA:37,0
DA:50,4
DA:52,0
DA:54,0
DA:56,0
DA:58,0
DA:59,0
DA:60,0
DA:61,0
DA:62,0
DA:63,0
DA:67,0
DA:68,0
DA:69,0
DA:71,0
DA:72,0
DA:74,0
DA:75,0
DA:77,0
DA:78,0
DA:79,0
DA:89,0
LF:35
LH:1
end_of_record
SF:lib\features\stock\presentation\view_model\stock_history_view_model\stock_history_event.dart
DA:4,4
DA:6,0
DA:7,0
DA:13,0
DA:15,0
DA:16,0
DA:29,4
LF:7
LH:2
end_of_record
SF:lib\features\stock\presentation\view_model\stock_history_view_model\stock_history_state.dart
DA:13,0
DA:22,4
DA:30,0
DA:32,0
DA:41,0
DA:42,0
DA:43,0
DA:44,0
DA:45,0
DA:46,0
DA:47,0
DA:51,0
DA:52,0
DA:53,0
DA:54,0
DA:55,0
DA:56,0
DA:57,0
DA:58,0
LF:19
LH:1
end_of_record
SF:lib\features\stock\presentation\widgets\history_timeline.dart
DA:9,4
DA:11,0
DA:12,0
DA:18,0
DA:20,0
DA:21,0
DA:24,0
DA:26,0
DA:27,0
DA:28,0
DA:29,0
DA:32,0
DA:33,0
DA:34,0
DA:40,0
DA:41,0
DA:42,0
DA:44,0
DA:45,0
DA:46,0
DA:49,0
DA:51,0
DA:53,0
DA:54,0
DA:55,0
DA:56,0
DA:57,0
DA:58,0
DA:60,0
DA:61,0
DA:62,0
DA:63,0
DA:64,0
DA:70,0
DA:71,0
LF:35
LH:1
end_of_record
SF:lib\features\stock\presentation\view_model\stock_view_model\stock_event.dart
DA:4,12
DA:5,0
DA:6,0
DA:10,12
DA:14,4
DA:21,0
DA:23,0
DA:24,0
LF:8
LH:3
end_of_record
SF:lib\features\stock\presentation\view_model\stock_view_model\stock_state.dart
DA:15,0
DA:25,4
DA:34,0
DA:36,0
DA:46,0
DA:47,0
DA:48,0
DA:49,0
DA:50,0
DA:51,0
DA:52,0
DA:53,0
DA:57,0
DA:58,0
DA:59,0
DA:60,0
DA:61,0
DA:62,0
DA:63,0
DA:64,0
DA:65,0
LF:21
LH:1
end_of_record
SF:lib\features\stock\presentation\widgets\stock_filter_bar.dart
DA:7,4
DA:9,0
DA:10,0
DA:17,0
DA:19,0
DA:20,0
DA:21,0
DA:22,0
DA:25,0
DA:27,0
DA:28,0
DA:31,0
DA:32,0
DA:33,0
DA:37,0
DA:39,0
DA:40,0
DA:41,0
DA:42,0
DA:43,0
DA:44,0
DA:45,0
DA:53,0
DA:54,0
DA:60,0
DA:62,0
DA:63,0
DA:65,0
DA:66,0
DA:67,0
DA:70,0
DA:72,0
DA:73,0
DA:74,0
DA:77,0
DA:79,0
DA:80,0
DA:81,0
LF:38
LH:1
end_of_record
SF:lib\features\stock\presentation\widgets\stock_list.dart
DA:9,4
DA:11,0
DA:12,0
DA:18,0
DA:20,0
DA:21,0
DA:24,0
DA:26,0
DA:27,0
DA:28,0
DA:29,0
DA:32,0
DA:33,0
DA:34,0
DA:38,0
DA:39,0
DA:40,0
DA:41,0
DA:42,0
DA:45,0
DA:47,0
DA:49,0
DA:50,0
DA:51,0
DA:52,0
DA:53,0
DA:54,0
DA:55,0
DA:57,0
DA:58,0
DA:60,0
DA:61,0
DA:62,0
DA:63,0
DA:64,0
DA:70,0
DA:71,0
DA:73,0
LF:38
LH:1
end_of_record
SF:lib\features\stock\presentation\widgets\history_tile.dart
DA:8,0
DA:10,0
DA:12,0
DA:13,0
DA:14,0
DA:16,0
DA:18,0
DA:19,0
DA:20,0
DA:21,0
DA:22,0
DA:23,0
DA:26,0
DA:27,0
DA:29,0
DA:30,0
DA:32,0
DA:33,0
DA:34,0
DA:35,0
DA:36,0
DA:40,0
DA:41,0
DA:42,0
DA:43,0
DA:50,0
DA:51,0
DA:53,0
DA:54,0
DA:55,0
DA:58,0
DA:60,0
DA:61,0
DA:62,0
DA:63,0
DA:65,0
DA:68,0
DA:80,0
DA:82,0
DA:83,0
DA:86,0
DA:89,0
DA:90,0
DA:93,0
DA:96,0
DA:97,0
DA:100,0
DA:103,0
DA:104,0
DA:107,0
DA:111,0
DA:121,0
DA:123,0
DA:125,0
DA:126,0
DA:127,0
DA:128,0
DA:130,0
DA:132,0
DA:133,0
DA:136,0
DA:138,0
DA:139,0
DA:153,0
LF:64
LH:0
end_of_record
SF:lib\features\stock\presentation\widgets\stock_card.dart
DA:8,0
DA:10,0
DA:12,0
DA:13,0
DA:15,0
DA:16,0
DA:17,0
DA:19,0
DA:21,0
DA:22,0
DA:23,0
DA:25,0
DA:27,0
DA:30,0
DA:31,0
DA:32,0
DA:34,0
DA:35,0
DA:36,0
DA:37,0
DA:40,0
DA:41,0
DA:42,0
DA:45,0
DA:46,0
DA:47,0
DA:54,0
DA:57,0
DA:58,0
DA:60,0
DA:61,0
DA:62,0
DA:63,0
DA:64,0
DA:68,0
DA:72,0
DA:73,0
DA:74,0
DA:75,0
DA:79,0
DA:81,0
DA:82,0
DA:83,0
DA:84,0
DA:86,0
DA:87,0
DA:88,0
DA:89,0
DA:103,0
DA:104,0
DA:105,0
DA:107,0
DA:110,0
DA:111,0
DA:113,0
DA:117,0
DA:119,0
DA:131,0
LF:58
LH:0
end_of_record
SF:lib\features\supplier\data\dto\create_supplier_dto.dart
DA:12,0
DA:19,0
LF:2
LH:0
end_of_record
SF:lib\features\supplier\data\dto\create_supplier_dto.g.dart
DA:9,0
DA:10,0
DA:11,0
DA:12,0
DA:13,0
DA:14,0
DA:17,0
DA:18,0
DA:19,0
DA:20,0
DA:21,0
DA:22,0
LF:12
LH:0
end_of_record
SF:lib\features\supplier\data\dto\get_all_suppliers_dto.dart
DA:13,0
DA:15,0
DA:16,0
DA:18,0
LF:4
LH:0
end_of_record
SF:lib\features\supplier\data\dto\get_all_suppliers_dto.g.dart
DA:9,0
DA:10,0
DA:11,0
DA:12,0
DA:13,0
DA:14,0
DA:15,0
DA:18,0
DA:19,0
DA:20,0
DA:21,0
LF:11
LH:0
end_of_record
SF:lib\features\supplier\data\dto\update_supplier_dto.dart
DA:13,0
DA:15,0
LF:2
LH:0
end_of_record
SF:lib\features\supplier\data\dto\update_supplier_dto.g.dart
DA:9,0
DA:10,0
DA:11,0
DA:12,0
DA:13,0
DA:14,0
DA:17,0
DA:18,0
DA:19,0
DA:20,0
DA:21,0
DA:22,0
LF:12
LH:0
end_of_record
SF:lib\features\supplier\data\model\supplier_api_model.dart
DA:18,0
DA:29,0
DA:30,0
DA:32,0
DA:34,0
DA:35,0
DA:36,0
DA:37,0
DA:38,0
DA:39,0
DA:40,0
DA:41,0
DA:42,0
DA:43,0
LF:14
LH:0
end_of_record
SF:lib\features\supplier\data\model\supplier_api_model.g.dart
DA:9,0
DA:10,0
DA:11,0
DA:12,0
DA:13,0
DA:14,0
DA:15,0
DA:16,0
DA:17,0
DA:18,0
DA:21,0
DA:22,0
DA:23,0
DA:24,0
DA:25,0
DA:26,0
DA:27,0
DA:28,0
DA:29,0
DA:30,0
LF:20
LH:0
end_of_record
SF:lib\features\supplier\data\model\supplier_pagination_info_api_model.dart
DA:14,0
DA:22,0
DA:23,0
DA:25,0
DA:27,0
DA:28,0
DA:29,0
DA:30,0
DA:31,0
DA:32,0
LF:10
LH:0
end_of_record
SF:lib\features\supplier\data\model\supplier_pagination_info_api_model.g.dart
DA:9,0
DA:11,0
DA:12,0
DA:13,0
DA:14,0
DA:15,0
DA:16,0
DA:19,0
DA:21,0
DA:22,0
DA:23,0
DA:24,0
DA:25,0
DA:26,0
LF:14
LH:0
end_of_record
SF:lib\features\supplier\domain\entity\supplier_pagination_info_entity.dart
DA:9,0
DA:16,0
DA:17,0
DA:18,0
DA:19,0
DA:20,0
DA:21,0
LF:7
LH:0
end_of_record
SF:lib\features\supplier\presentation\view\supplier_detail_view.dart
DA:12,0
DA:14,0
DA:16,0
DA:18,0
DA:19,0
DA:20,0
DA:27,4
DA:29,0
DA:31,0
DA:32,0
DA:33,0
DA:34,0
DA:35,0
DA:39,0
DA:40,0
DA:41,0
DA:43,0
DA:44,0
DA:51,0
DA:52,0
DA:65,0
DA:67,0
DA:69,0
DA:70,0
DA:72,0
DA:74,0
DA:76,0
DA:79,0
DA:80,0
DA:82,0
DA:83,0
DA:85,0
DA:87,0
DA:88,0
DA:90,0
DA:91,0
DA:92,0
DA:94,0
DA:95,0
DA:97,0
DA:99,0
DA:100,0
DA:101,0
DA:109,0
DA:112,0
DA:114,0
DA:117,0
DA:119,0
DA:122,0
DA:124,0
DA:125,0
DA:128,0
DA:131,0
DA:134,0
DA:136,0
DA:137,0
DA:138,0
DA:139,0
DA:158,0
DA:165,0
DA:167,0
DA:168,0
DA:170,0
DA:172,0
DA:173,0
DA:175,0
DA:176,0
DA:178,0
DA:179,0
DA:181,0
DA:182,0
DA:184,0
DA:185,0
DA:186,0
LF:74
LH:1
end_of_record
SF:lib\features\supplier\presentation\view_model\supplier_detail_view_model\supplier_detail_event.dart
DA:6,0
DA:8,0
DA:9,0
DA:15,0
DA:17,0
DA:18,0
LF:6
LH:0
end_of_record
SF:lib\features\supplier\presentation\view_model\supplier_detail_view_model\supplier_detail_state.dart
DA:12,0
DA:18,4
DA:23,0
DA:29,0
DA:30,0
DA:31,0
DA:33,0
DA:37,0
DA:38,0
LF:9
LH:1
end_of_record
SF:lib\features\supplier\presentation\widgets\supplier_card.dart
DA:11,0
DA:13,0
DA:14,0
DA:17,0
DA:19,0
DA:20,0
DA:22,0
DA:23,0
DA:24,0
DA:27,0
DA:28,0
DA:29,0
DA:31,0
DA:32,0
DA:33,0
DA:35,0
DA:44,0
DA:46,0
DA:47,0
DA:48,0
DA:49,0
DA:52,0
DA:57,0
DA:58,0
DA:59,0
DA:61,0
DA:63,0
DA:64,0
DA:67,0
DA:68,0
DA:69,0
DA:70,0
DA:71,0
DA:75,0
DA:76,0
DA:78,0
DA:79,0
DA:80,0
DA:82,0
DA:83,0
DA:85,0
DA:87,0
DA:88,0
DA:89,0
DA:98,0
DA:100,0
DA:101,0
DA:103,0
DA:105,0
DA:108,0
DA:109,0
DA:114,0
DA:115,0
DA:116,0
DA:129,0
DA:131,0
DA:133,0
DA:135,0
DA:136,0
DA:138,0
DA:139,0
DA:148,0
DA:150,0
DA:152,0
DA:154,0
DA:155,0
DA:156,0
DA:157,0
DA:159,0
DA:160,0
DA:167,0
DA:168,0
DA:169,0
DA:172,0
DA:173,0
DA:174,0
DA:181,0
DA:182,0
DA:184,0
DA:185,0
DA:186,0
DA:187,0
DA:189,0
DA:194,0
DA:196,0
DA:197,0
DA:199,0
DA:201,0
LF:88
LH:0
end_of_record
SF:lib\features\supplier\presentation\widgets\supplier_form_dialog.dart
DA:10,4
DA:12,0
DA:13,0
DA:23,0
DA:25,0
DA:27,0
DA:28,0
DA:29,0
DA:30,0
DA:31,0
DA:34,0
DA:36,0
DA:37,0
DA:38,0
DA:39,0
DA:40,0
DA:43,0
DA:44,0
DA:45,0
DA:46,0
DA:47,0
DA:48,0
DA:49,0
DA:50,0
DA:51,0
DA:52,0
DA:53,0
DA:57,0
DA:58,0
DA:59,0
DA:60,0
DA:61,0
DA:62,0
DA:67,0
DA:68,0
DA:73,0
DA:75,0
DA:76,0
DA:77,0
DA:78,0
DA:79,0
DA:80,0
DA:82,0
DA:83,0
DA:84,0
DA:88,0
DA:89,0
DA:94,0
DA:95,0
DA:98,0
DA:99,0
DA:102,0
DA:104,0
DA:111,0
DA:112,0
DA:115,0
DA:116,0
DA:119,0
DA:126,0
DA:127,0
DA:139,0
DA:140,0
DA:141,0
DA:144,0
DA:145,0
DA:146,0
DA:147,0
DA:149,0
DA:158,0
LF:69
LH:1
end_of_record
SF:lib\features\supplier\presentation\view_model\supplier_view_model\supplier_event.dart
DA:6,0
DA:8,0
DA:9,0
DA:20,0
DA:27,0
DA:28,0
DA:39,0
DA:46,0
DA:47,0
DA:57,0
DA:65,0
DA:66,0
DA:72,0
DA:74,0
DA:75,0
DA:81,0
DA:83,0
DA:84,0
LF:18
LH:0
end_of_record
SF:lib\features\supplier\presentation\view_model\supplier_view_model\supplier_state.dart
DA:24,0
DA:39,4
DA:53,0
DA:71,0
DA:72,0
DA:73,0
DA:74,0
DA:75,0
DA:76,0
DA:77,0
DA:78,0
DA:79,0
DA:81,0
DA:82,0
DA:84,0
DA:85,0
DA:89,0
DA:90,0
DA:91,0
DA:92,0
DA:93,0
DA:94,0
DA:95,0
DA:96,0
DA:97,0
DA:98,0
DA:99,0
DA:100,0
DA:101,0
DA:102,0
LF:30
LH:1
end_of_record
